#
# There is insufficient memory for the Java Runtime Environment to continue.
# Native memory allocation (malloc) failed to allocate 32744 bytes for ChunkPool::allocate
# Possible reasons:
#   The system is out of physical RAM or swap space
#   The process is running with CompressedOops enabled, and the Java Heap may be blocking the growth of the native heap
# Possible solutions:
#   Reduce memory load on the system
#   Increase physical memory or swap space
#   Check if swap backing store is full
#   Decrease Java heap size (-Xmx/-Xms)
#   Decrease number of Java threads
#   Decrease Java thread stack sizes (-Xss)
#   Set larger code cache with -XX:ReservedCodeCacheSize=
#   JVM is running with Unscaled Compressed Oops mode in which the Java heap is
#     placed in the first 4GB address space. The Java Heap base address is the
#     maximum limit for the native heap growth. Please use -XX:HeapBaseMinAddress
#     to set the Java Heap base and to place the Java Heap above 4GB virtual address.
# This output file may be truncated or incomplete.
#
#  Out of Memory Error (./src/hotspot/share/memory/arena.cpp:81), pid=444, tid=14320
#
# JRE version: OpenJDK Runtime Environment Temurin-11.0.17+8 (11.0.17+8) (build 11.0.17+8)
# Java VM: OpenJDK 64-Bit Server VM Temurin-11.0.17+8 (11.0.17+8, mixed mode, tiered, compressed oops, g1 gc, windows-amd64)
# No core dump will be written. Minidumps are not enabled by default on client versions of Windows
#

---------------  S U M M A R Y ------------

Command Line: -Dosgi.requiredJavaVersion=1.8 -Dosgi.instance.area.default=@user.home/STM32CubeIDE/workspace_1.12.0 -Declipse.buildId=Version 1.12.0 -DproductMaturityGrade=mm -XX:+UseG1GC -XX:+UseStringDeduplication -Xms256m -Xmx1024m -Djavax.net.ssl.trustStoreType=WINDOWS-ROOT 

Host: 11th Gen Intel(R) Core(TM) i7-1165G7 @ 2.80GHz, 8 cores, 7G,  Windows 10 , 64 bit Build 19041 (10.0.19041.1889)
Time: Tue Jan 16 17:25:26 2024 SE Asia Standard Time elapsed time: 84.315686 seconds (0d 0h 1m 24s)

---------------  T H R E A D  ---------------

Current thread (0x000001c57e273800):  JavaThread "C2 CompilerThread1" daemon [_thread_in_native, id=14320, stack(0x0000005109900000,0x0000005109a00000)]


Current CompileTask:
C2:  84315 19178       4       org.eclipse.swt.layout.GridLayout::layout (4406 bytes)

Stack: [0x0000005109900000,0x0000005109a00000]
Native frames: (J=compiled Java code, j=interpreted, Vv=VM code, C=native code)
V  [jvm.dll+0x61f5ba]
V  [jvm.dll+0x7abf79]
V  [jvm.dll+0x7ad668]
V  [jvm.dll+0x7add43]
V  [jvm.dll+0x24fd88]
V  [jvm.dll+0xc288b]
V  [jvm.dll+0xc2bec]
V  [jvm.dll+0x35edfb]
V  [jvm.dll+0x514046]
V  [jvm.dll+0x5131c0]
V  [jvm.dll+0x513cab]
V  [jvm.dll+0x19eab6]
V  [jvm.dll+0x209135]
V  [jvm.dll+0x20815d]
V  [jvm.dll+0x18a3b1]
V  [jvm.dll+0x217a34]
V  [jvm.dll+0x215c7b]
V  [jvm.dll+0x76ea70]
V  [jvm.dll+0x7679a4]
V  [jvm.dll+0x61e425]
C  [ucrtbase.dll+0x21bb2]
C  [KERNEL32.DLL+0x17034]
C  [ntdll.dll+0x52651]


---------------  P R O C E S S  ---------------

Threads class SMR info:
_java_thread_list=0x000001c514b86a20, length=82, elements={
0x000001c56ce47000, 0x000001c57b8fc800, 0x000001c57b948800, 0x000001c57b95d000,
0x000001c57b95f000, 0x000001c57b962800, 0x000001c57b963800, 0x000001c57b964800,
0x000001c57b96d000, 0x000001c57baff800, 0x000001c57da24800, 0x000001c57da56000,
0x000001c57d415800, 0x000001c57d520800, 0x000001c57dd56800, 0x000001c57d794000,
0x000001c57d5b2800, 0x000001c57d785000, 0x000001c57d789800, 0x000001c57d785800,
0x000001c57d786800, 0x000001c57d787000, 0x000001c57d789000, 0x000001c57d784000,
0x000001c57d78a800, 0x000001c514fb8000, 0x000001c514fb9800, 0x000001c514fba000,
0x000001c514fb7000, 0x000001c514fbb000, 0x000001c514fb6000, 0x000001c514fbf000,
0x000001c514fbc000, 0x000001c514fc0000, 0x000001c514fc2800, 0x000001c514fc1000,
0x000001c514fbc800, 0x000001c514fc1800, 0x000001c514fc3000, 0x000001c514fbd800,
0x000001c514fc4000, 0x000001c514fbe800, 0x000001c57e28a000, 0x000001c57e28b000,
0x000001c510bc8800, 0x000001c510bc3800, 0x000001c510bc6000, 0x000001c510bc4800,
0x000001c510bc0000, 0x000001c510bc1000, 0x000001c510bc9000, 0x000001c510bc5000,
0x000001c510bc7800, 0x000001c510bcf000, 0x000001c510bce000, 0x000001c510bca000,
0x000001c510bcb000, 0x000001c510bcb800, 0x000001c510bcc800, 0x000001c510bcd000,
0x000001c57e28b800, 0x000001c57e288800, 0x000001c57e28c800, 0x000001c57e28d800,
0x000001c57e287800, 0x000001c57e28e000, 0x000001c57e28f000, 0x000001c57e289000,
0x000001c57e296800, 0x000001c57e295800, 0x000001c57e294800, 0x000001c57e294000,
0x000001c57e290800, 0x000001c57e293000, 0x000001c514fb8800, 0x000001c57d788000,
0x000001c57e291800, 0x000001c57f3b0800, 0x000001c57f3af800, 0x000001c57f3ad800,
0x000001c515a4b800, 0x000001c57e273800
}

Java Threads: ( => current thread )
  0x000001c56ce47000 JavaThread "main" [_thread_in_native, id=8076, stack(0x0000005102ce0000,0x0000005102de0000)]
  0x000001c57b8fc800 JavaThread "Reference Handler" daemon [_thread_blocked, id=13584, stack(0x0000005103a00000,0x0000005103b00000)]
  0x000001c57b948800 JavaThread "Finalizer" daemon [_thread_blocked, id=20156, stack(0x0000005103b00000,0x0000005103c00000)]
  0x000001c57b95d000 JavaThread "Signal Dispatcher" daemon [_thread_blocked, id=12096, stack(0x0000005103c00000,0x0000005103d00000)]
  0x000001c57b95f000 JavaThread "Attach Listener" daemon [_thread_blocked, id=9296, stack(0x0000005103d00000,0x0000005103e00000)]
  0x000001c57b962800 JavaThread "Service Thread" daemon [_thread_blocked, id=18732, stack(0x0000005103e00000,0x0000005103f00000)]
  0x000001c57b963800 JavaThread "C2 CompilerThread0" daemon [_thread_in_native, id=8764, stack(0x0000005103f00000,0x0000005104000000)]
  0x000001c57b964800 JavaThread "C1 CompilerThread0" daemon [_thread_blocked, id=12672, stack(0x0000005104000000,0x0000005104100000)]
  0x000001c57b96d000 JavaThread "Sweeper thread" daemon [_thread_blocked, id=4240, stack(0x0000005104100000,0x0000005104200000)]
  0x000001c57baff800 JavaThread "Common-Cleaner" daemon [_thread_blocked, id=5728, stack(0x0000005104300000,0x0000005104400000)]
  0x000001c57da24800 JavaThread "Active Thread: Equinox Container: 585d752c-3625-4d36-a322-e21f9254b188" [_thread_blocked, id=10408, stack(0x0000005104f00000,0x0000005105000000)]
  0x000001c57da56000 JavaThread "Framework Event Dispatcher: Equinox Container: 585d752c-3625-4d36-a322-e21f9254b188" daemon [_thread_blocked, id=14120, stack(0x0000005105000000,0x0000005105100000)]
  0x000001c57d415800 JavaThread "Start Level: Equinox Container: 585d752c-3625-4d36-a322-e21f9254b188" daemon [_thread_blocked, id=13912, stack(0x0000005105100000,0x0000005105200000)]
  0x000001c57d520800 JavaThread "SCR Component Actor" daemon [_thread_blocked, id=18012, stack(0x0000005105200000,0x0000005105300000)]
  0x000001c57dd56800 JavaThread "EMF Reference Cleaner" daemon [_thread_blocked, id=15444, stack(0x0000005104500000,0x0000005104600000)]
  0x000001c57d794000 JavaThread "Bundle File Closer" daemon [_thread_blocked, id=18072, stack(0x0000005104400000,0x0000005104500000)]
  0x000001c57d5b2800 JavaThread "Worker-JM" [_thread_blocked, id=1428, stack(0x0000005105500000,0x0000005105600000)]
  0x000001c57d785000 JavaThread "Gogo shell" [_thread_blocked, id=14416, stack(0x0000005105700000,0x0000005105800000)]
  0x000001c57d789800 JavaThread "Worker-0: https://download.eclipse.org/releases/2022-03/202203161000/p2.index" [_thread_in_native, id=19864, stack(0x0000005105d00000,0x0000005105e00000)]
  0x000001c57d785800 JavaThread "Log4j2-TF-1-Scheduled-1" daemon [_thread_blocked, id=8780, stack(0x0000005105600000,0x0000005105700000)]
  0x000001c57d786800 JavaThread "Worker-1" [_thread_blocked, id=20296, stack(0x0000005106000000,0x0000005106100000)]
  0x000001c57d787000 JavaThread "ForkJoinPool.commonPool-worker-3" daemon [_thread_blocked, id=3476, stack(0x0000005106300000,0x0000005106400000)]
  0x000001c57d789000 JavaThread "org.eclipse.cdt.internal.ui.text.CReconciler" daemon [_thread_blocked, id=10084, stack(0x0000005106200000,0x0000005106300000)]
  0x000001c57d784000 JavaThread "EventAdmin Async Event Dispatcher Thread" daemon [_thread_blocked, id=2728, stack(0x0000005106400000,0x0000005106500000)]
  0x000001c57d78a800 JavaThread "pool-3-thread-1" [_thread_blocked, id=7428, stack(0x0000005106500000,0x0000005106600000)]
  0x000001c514fb8000 JavaThread "pool-4-thread-1" [_thread_blocked, id=15596, stack(0x0000005106600000,0x0000005106700000)]
  0x000001c514fb9800 JavaThread "Worker-2" [_thread_blocked, id=1344, stack(0x0000005106700000,0x0000005106800000)]
  0x000001c514fba000 JavaThread "Worker-3: GDB process monitor job." [_thread_blocked, id=19316, stack(0x0000005106800000,0x0000005106900000)]
  0x000001c514fb7000 JavaThread "Worker-4: Traces Input Job" [_thread_blocked, id=19552, stack(0x0000005106900000,0x0000005106a00000)]
  0x000001c514fbb000 JavaThread "Worker-5: Traces Input Job" [_thread_blocked, id=16924, stack(0x0000005106a00000,0x0000005106b00000)]
  0x000001c514fb6000 JavaThread "Worker-6" [_thread_blocked, id=4400, stack(0x0000005106c00000,0x0000005106d00000)]
  0x000001c514fbf000 JavaThread "Worker-7: GDB process monitor job." [_thread_blocked, id=19904, stack(0x0000005106d00000,0x0000005106e00000)]
  0x000001c514fbc000 JavaThread "Worker-8" [_thread_blocked, id=16108, stack(0x0000005106e00000,0x0000005106f00000)]
  0x000001c514fc0000 JavaThread "Worker-9" [_thread_blocked, id=12708, stack(0x0000005106f00000,0x0000005107000000)]
  0x000001c514fc2800 JavaThread "Worker-10" [_thread_blocked, id=12772, stack(0x0000005107000000,0x0000005107100000)]
  0x000001c514fc1000 JavaThread "Worker-11" [_thread_blocked, id=17900, stack(0x0000005107100000,0x0000005107200000)]
  0x000001c514fbc800 JavaThread "Worker-12: File Transport Cancel Handler" [_thread_blocked, id=17620, stack(0x0000005107200000,0x0000005107300000)]
  0x000001c514fc1800 JavaThread "Worker-13: GDB CLI Input Job" [_thread_blocked, id=12704, stack(0x0000005107300000,0x0000005107400000)]
  0x000001c514fc3000 JavaThread "Worker-14: Process Console Input Job" [_thread_blocked, id=16684, stack(0x0000005107400000,0x0000005107500000)]
  0x000001c514fbd800 JavaThread "Worker-15: GDB CLI error output Job" [_thread_blocked, id=1420, stack(0x0000005107500000,0x0000005107600000)]
  0x000001c514fc4000 JavaThread "Worker-16" [_thread_blocked, id=13088, stack(0x0000005107600000,0x0000005107700000)]
  0x000001c514fbe800 JavaThread "Worker-17: GDB CLI output Job" [_thread_blocked, id=13604, stack(0x0000005107700000,0x0000005107800000)]
  0x000001c57e28a000 JavaThread "Java2D Disposer" daemon [_thread_blocked, id=10428, stack(0x0000005108000000,0x0000005108100000)]
  0x000001c57e28b000 JavaThread "AWT-Windows" daemon [_thread_in_native, id=7916, stack(0x0000005108200000,0x0000005108300000)]
  0x000001c510bc8800 JavaThread "Worker-18" [_thread_blocked, id=2336, stack(0x0000005109c00000,0x0000005109d00000)]
  0x000001c510bc3800 JavaThread "RMI TCP Accept-41337" daemon [_thread_in_native, id=18272, stack(0x0000005105300000,0x0000005105400000)]
  0x000001c510bc6000 JavaThread "RMI Reaper" [_thread_blocked, id=12828, stack(0x0000005106100000,0x0000005106200000)]
  0x000001c510bc4800 JavaThread "RMI GC Daemon" daemon [_thread_blocked, id=8524, stack(0x0000005106b00000,0x0000005106c00000)]
  0x000001c510bc0000 JavaThread "Serial Ports Filter" daemon [_thread_blocked, id=2540, stack(0x0000005107a00000,0x0000005107b00000)]
  0x000001c510bc1000 JavaThread "pool-5-thread-1" [_thread_blocked, id=11992, stack(0x0000005107800000,0x0000005107900000)]
  0x000001c510bc9000 JavaThread "org.eclipse.cdt.dsf.gdb - 0" [_thread_blocked, id=8732, stack(0x0000005105800000,0x0000005105900000)]
  0x000001c510bc5000 JavaThread "Thread-15" [_thread_in_native, id=16916, stack(0x0000005107b00000,0x0000005107c00000)]
  0x000001c510bc7800 JavaThread "Thread-16" [_thread_in_native, id=12052, stack(0x0000005107d00000,0x0000005107e00000)]
  0x000001c510bcf000 JavaThread "Timer-5" [_thread_blocked, id=12536, stack(0x0000005107900000,0x0000005107a00000)]
  0x000001c510bce000 JavaThread "ForkJoinPool.commonPool-worker-5" daemon [_thread_blocked, id=1260, stack(0x0000005108300000,0x0000005108400000)]
  0x000001c510bca000 JavaThread "Spawner Reaper" daemon [_thread_in_native, id=14140, stack(0x0000005108400000,0x0000005108500000)]
  0x000001c510bcb000 JavaThread "MI TX Thread" [_thread_blocked, id=16048, stack(0x0000005108600000,0x0000005108700000)]
  0x000001c510bcb800 JavaThread "MI RX Thread" [_thread_in_native, id=11356, stack(0x0000005108700000,0x0000005108800000)]
  0x000001c510bcc800 JavaThread "MI Error Thread" [_thread_in_native, id=11212, stack(0x0000005108800000,0x0000005108900000)]
  0x000001c510bcd000 JavaThread "GDB Command Timer Thread" [_thread_blocked, id=10304, stack(0x0000005108900000,0x0000005108a00000)]
  0x000001c57e28b800 JavaThread "Spawner Reaper" daemon [_thread_in_native, id=15320, stack(0x0000005108a00000,0x0000005108b00000)]
  0x000001c57e288800 JavaThread "MI TX Thread" [_thread_blocked, id=20444, stack(0x0000005108c00000,0x0000005108d00000)]
  0x000001c57e28c800 JavaThread "MI RX Thread" [_thread_in_native, id=6692, stack(0x0000005108d00000,0x0000005108e00000)]
  0x000001c57e28d800 JavaThread "MI Error Thread" [_thread_in_native, id=10088, stack(0x0000005108e00000,0x0000005108f00000)]
  0x000001c57e287800 JavaThread "GDB Command Timer Thread" [_thread_blocked, id=3148, stack(0x0000005108f00000,0x0000005109000000)]
  0x000001c57e28e000 JavaThread "Process monitor" daemon [_thread_blocked, id=15976, stack(0x0000005109000000,0x0000005109100000)]
  0x000001c57e28f000 JavaThread "Spawner Reaper" daemon [_thread_in_native, id=1424, stack(0x0000005109100000,0x0000005109200000)]
  0x000001c57e289000 JavaThread "Output Stream Monitor" daemon [_thread_in_native, id=13136, stack(0x0000005109300000,0x0000005109400000)]
  0x000001c57e296800 JavaThread "Output Stream Monitor" daemon [_thread_in_native, id=18224, stack(0x0000005109400000,0x0000005109500000)]
  0x000001c57e295800 JavaThread "Input Stream Monitor" daemon [_thread_blocked, id=5432, stack(0x0000005109500000,0x0000005109600000)]
  0x000001c57e294800 JavaThread "Process monitor" daemon [_thread_blocked, id=3752, stack(0x0000005109600000,0x0000005109700000)]
  0x000001c57e294000 JavaThread "Thread-22" [_thread_blocked, id=3732, stack(0x0000005109700000,0x0000005109800000)]
  0x000001c57e290800 JavaThread "org.eclipse.jface.text.reconciler.MonoReconciler" daemon [_thread_blocked, id=2012, stack(0x0000005103100000,0x0000005103200000)]
  0x000001c57e293000 JavaThread "ForkJoinPool.commonPool-worker-7" daemon [_thread_blocked, id=7948, stack(0x0000005103000000,0x0000005103100000)]
  0x000001c514fb8800 JavaThread "ForkJoinPool.commonPool-worker-9" daemon [_thread_blocked, id=9452, stack(0x0000005108100000,0x0000005108200000)]
  0x000001c57d788000 JavaThread "Provisioning Event Dispatcher" daemon [_thread_blocked, id=7756, stack(0x0000005109a00000,0x0000005109b00000)]
  0x000001c57e291800 JavaThread "ForkJoinPool.commonPool-worker-11" daemon [_thread_blocked, id=15300, stack(0x0000005109800000,0x0000005109900000)]
  0x000001c57f3b0800 JavaThread "Thread-25" [_thread_blocked, id=20292, stack(0x0000005109b00000,0x0000005109c00000)]
  0x000001c57f3af800 JavaThread "Thread-26" [_thread_blocked, id=17400, stack(0x0000005109e00000,0x0000005109f00000)]
  0x000001c57f3ad800 JavaThread "org.eclipse.cdt.dsf.gdb - 3" [_thread_blocked, id=14856, stack(0x0000005107f00000,0x0000005108000000)]
  0x000001c515a4b800 JavaThread "Worker-19" [_thread_blocked, id=6652, stack(0x000000510b200000,0x000000510b300000)]
=>0x000001c57e273800 JavaThread "C2 CompilerThread1" daemon [_thread_in_native, id=14320, stack(0x0000005109900000,0x0000005109a00000)]

Other Threads:
  0x000001c57b8f9800 VMThread "VM Thread" [stack: 0x0000005103900000,0x0000005103a00000] [id=8048]
  0x000001c57baef000 WatcherThread [stack: 0x0000005104200000,0x0000005104300000] [id=11904]
  0x000001c56ce60000 GCTaskThread "GC Thread#0" [stack: 0x0000005103300000,0x0000005103400000] [id=15348]
  0x000001c57c402000 GCTaskThread "GC Thread#1" [stack: 0x0000005104600000,0x0000005104700000] [id=11400]
  0x000001c57c400800 GCTaskThread "GC Thread#2" [stack: 0x0000005104700000,0x0000005104800000] [id=14596]
  0x000001c57c401000 GCTaskThread "GC Thread#3" [stack: 0x0000005104800000,0x0000005104900000] [id=1936]
  0x000001c57c402800 GCTaskThread "GC Thread#4" [stack: 0x0000005104900000,0x0000005104a00000] [id=13968]
  0x000001c57c3ff000 GCTaskThread "GC Thread#5" [stack: 0x0000005104a00000,0x0000005104b00000] [id=18656]
  0x000001c57c404000 GCTaskThread "GC Thread#6" [stack: 0x0000005105e00000,0x0000005105f00000] [id=11376]
  0x000001c57c3fd800 GCTaskThread "GC Thread#7" [stack: 0x0000005105f00000,0x0000005106000000] [id=19400]
  0x000001c56ce7e800 ConcurrentGCThread "G1 Main Marker" [stack: 0x0000005103400000,0x0000005103500000] [id=11668]
  0x000001c56ce80000 ConcurrentGCThread "G1 Conc#0" [stack: 0x0000005103500000,0x0000005103600000] [id=8432]
  0x000001c57c403800 ConcurrentGCThread "G1 Conc#1" [stack: 0x0000005105400000,0x0000005105500000] [id=17272]
  0x000001c56cf1d800 ConcurrentGCThread "G1 Refine#0" [stack: 0x0000005103600000,0x0000005103700000] [id=4700]
  0x000001c57bc46800 ConcurrentGCThread "G1 Refine#1" [stack: 0x0000005104b00000,0x0000005104c00000] [id=12400]
  0x000001c57c40e800 ConcurrentGCThread "G1 Refine#2" [stack: 0x0000005104c00000,0x0000005104d00000] [id=15448]
  0x000001c57c4aa800 ConcurrentGCThread "G1 Refine#3" [stack: 0x0000005104d00000,0x0000005104e00000] [id=2632]
  0x000001c57af42000 ConcurrentGCThread "G1 Refine#4" [stack: 0x0000005104e00000,0x0000005104f00000] [id=17288]
  0x000001c51d219800 ConcurrentGCThread "G1 Refine#5" [stack: 0x0000005107c00000,0x0000005107d00000] [id=17332]
  0x000001c56cf1e800 ConcurrentGCThread "G1 Young RemSet Sampling" [stack: 0x0000005103700000,0x0000005103800000] [id=13220]
  0x000001c57af43800 ConcurrentGCThread "StrDedup" [stack: 0x0000005103800000,0x0000005103900000] [id=13144]

Threads with active compile tasks:
C2 CompilerThread0    84347 19200       4       java.util.HashSet::<init> (40 bytes)
C2 CompilerThread1    84347 19178       4       org.eclipse.swt.layout.GridLayout::layout (4406 bytes)

VM state:not at safepoint (normal execution)

VM Mutex/Monitor currently owned by a thread: None

Heap address: 0x00000000c0000000, size: 1024 MB, Compressed Oops mode: 32-bit
Narrow klass base: 0x0000000000000000, Narrow klass shift: 3
Compressed class space size: 1073741824 Address: 0x0000000100000000

Heap:
 garbage-first heap   total 289792K, used 137484K [0x00000000c0000000, 0x0000000100000000)
  region size 1024K, 8 young (8192K), 1 survivors (1024K)
 Metaspace       used 133154K, capacity 143344K, committed 143360K, reserved 1173504K
  class space    used 15834K, capacity 19446K, committed 19456K, reserved 1048576K
Heap Regions: E=young(eden), S=young(survivor), O=old, HS=humongous(starts), HC=humongous(continues), CS=collection set, F=free, A=archive, TAMS=top-at-mark-start (previous, next)
|   0|0x00000000c0000000, 0x00000000c0100000, 0x00000000c0100000|100%| O|  |TAMS 0x00000000c0100000, 0x00000000c0000000| Untracked 
|   1|0x00000000c0100000, 0x00000000c0200000, 0x00000000c0200000|100%| O|  |TAMS 0x00000000c0200000, 0x00000000c0100000| Untracked 
|   2|0x00000000c0200000, 0x00000000c0300000, 0x00000000c0300000|100%| O|  |TAMS 0x00000000c0300000, 0x00000000c0200000| Untracked 
|   3|0x00000000c0300000, 0x00000000c0400000, 0x00000000c0400000|100%| O|  |TAMS 0x00000000c0400000, 0x00000000c0300000| Untracked 
|   4|0x00000000c0400000, 0x00000000c0500000, 0x00000000c0500000|100%| O|  |TAMS 0x00000000c0500000, 0x00000000c0400000| Untracked 
|   5|0x00000000c0500000, 0x00000000c0600000, 0x00000000c0600000|100%| O|  |TAMS 0x00000000c0600000, 0x00000000c0500000| Untracked 
|   6|0x00000000c0600000, 0x00000000c0700000, 0x00000000c0700000|100%| O|  |TAMS 0x00000000c0700000, 0x00000000c0600000| Untracked 
|   7|0x00000000c0700000, 0x00000000c0800000, 0x00000000c0800000|100%| O|  |TAMS 0x00000000c0800000, 0x00000000c0700000| Untracked 
|   8|0x00000000c0800000, 0x00000000c0900000, 0x00000000c0900000|100%| O|  |TAMS 0x00000000c0900000, 0x00000000c0800000| Untracked 
|   9|0x00000000c0900000, 0x00000000c0a00000, 0x00000000c0a00000|100%| O|  |TAMS 0x00000000c0a00000, 0x00000000c0900000| Untracked 
|  10|0x00000000c0a00000, 0x00000000c0b00000, 0x00000000c0b00000|100%| O|  |TAMS 0x00000000c0b00000, 0x00000000c0a00000| Untracked 
|  11|0x00000000c0b00000, 0x00000000c0c00000, 0x00000000c0c00000|100%| O|  |TAMS 0x00000000c0c00000, 0x00000000c0b00000| Untracked 
|  12|0x00000000c0c00000, 0x00000000c0d00000, 0x00000000c0d00000|100%| O|  |TAMS 0x00000000c0d00000, 0x00000000c0c00000| Untracked 
|  13|0x00000000c0d00000, 0x00000000c0e00000, 0x00000000c0e00000|100%| O|  |TAMS 0x00000000c0e00000, 0x00000000c0d00000| Untracked 
|  14|0x00000000c0e00000, 0x00000000c0f00000, 0x00000000c0f00000|100%| O|  |TAMS 0x00000000c0f00000, 0x00000000c0e00000| Untracked 
|  15|0x00000000c0f00000, 0x00000000c1000000, 0x00000000c1000000|100%| O|  |TAMS 0x00000000c1000000, 0x00000000c0f00000| Untracked 
|  16|0x00000000c1000000, 0x00000000c1100000, 0x00000000c1100000|100%| O|  |TAMS 0x00000000c1100000, 0x00000000c1000000| Untracked 
|  17|0x00000000c1100000, 0x00000000c1200000, 0x00000000c1200000|100%| O|  |TAMS 0x00000000c1200000, 0x00000000c1100000| Untracked 
|  18|0x00000000c1200000, 0x00000000c1300000, 0x00000000c1300000|100%| O|  |TAMS 0x00000000c1300000, 0x00000000c1200000| Untracked 
|  19|0x00000000c1300000, 0x00000000c1400000, 0x00000000c1400000|100%| O|  |TAMS 0x00000000c1400000, 0x00000000c1300000| Untracked 
|  20|0x00000000c1400000, 0x00000000c1500000, 0x00000000c1500000|100%| O|  |TAMS 0x00000000c1500000, 0x00000000c1400000| Untracked 
|  21|0x00000000c1500000, 0x00000000c1600000, 0x00000000c1600000|100%| O|  |TAMS 0x00000000c1600000, 0x00000000c1500000| Untracked 
|  22|0x00000000c1600000, 0x00000000c1700000, 0x00000000c1700000|100%| O|  |TAMS 0x00000000c1700000, 0x00000000c1600000| Untracked 
|  23|0x00000000c1700000, 0x00000000c1800000, 0x00000000c1800000|100%| O|  |TAMS 0x00000000c1800000, 0x00000000c1700000| Untracked 
|  24|0x00000000c1800000, 0x00000000c1900000, 0x00000000c1900000|100%| O|  |TAMS 0x00000000c1900000, 0x00000000c1800000| Untracked 
|  25|0x00000000c1900000, 0x00000000c1a00000, 0x00000000c1a00000|100%|HS|  |TAMS 0x00000000c1a00000, 0x00000000c1900000| Complete 
|  26|0x00000000c1a00000, 0x00000000c1b00000, 0x00000000c1b00000|100%|HC|  |TAMS 0x00000000c1b00000, 0x00000000c1a00000| Complete 
|  27|0x00000000c1b00000, 0x00000000c1c00000, 0x00000000c1c00000|100%| O|  |TAMS 0x00000000c1c00000, 0x00000000c1b00000| Untracked 
|  28|0x00000000c1c00000, 0x00000000c1d00000, 0x00000000c1d00000|100%| O|  |TAMS 0x00000000c1d00000, 0x00000000c1c00000| Untracked 
|  29|0x00000000c1d00000, 0x00000000c1e00000, 0x00000000c1e00000|100%| O|  |TAMS 0x00000000c1e00000, 0x00000000c1d00000| Untracked 
|  30|0x00000000c1e00000, 0x00000000c1f00000, 0x00000000c1f00000|100%| O|  |TAMS 0x00000000c1f00000, 0x00000000c1e00000| Untracked 
|  31|0x00000000c1f00000, 0x00000000c2000000, 0x00000000c2000000|100%| O|  |TAMS 0x00000000c2000000, 0x00000000c1f00000| Untracked 
|  32|0x00000000c2000000, 0x00000000c2100000, 0x00000000c2100000|100%| O|  |TAMS 0x00000000c2100000, 0x00000000c2000000| Untracked 
|  33|0x00000000c2100000, 0x00000000c2200000, 0x00000000c2200000|100%| O|  |TAMS 0x00000000c2200000, 0x00000000c2100000| Untracked 
|  34|0x00000000c2200000, 0x00000000c2300000, 0x00000000c2300000|100%| O|  |TAMS 0x00000000c2300000, 0x00000000c2200000| Untracked 
|  35|0x00000000c2300000, 0x00000000c2400000, 0x00000000c2400000|100%| O|  |TAMS 0x00000000c2400000, 0x00000000c2300000| Untracked 
|  36|0x00000000c2400000, 0x00000000c2500000, 0x00000000c2500000|100%| O|  |TAMS 0x00000000c2500000, 0x00000000c2400000| Untracked 
|  37|0x00000000c2500000, 0x00000000c2600000, 0x00000000c2600000|100%| O|  |TAMS 0x00000000c2600000, 0x00000000c2500000| Untracked 
|  38|0x00000000c2600000, 0x00000000c2700000, 0x00000000c2700000|100%| O|  |TAMS 0x00000000c2700000, 0x00000000c2600000| Untracked 
|  39|0x00000000c2700000, 0x00000000c2800000, 0x00000000c2800000|100%| O|  |TAMS 0x00000000c2800000, 0x00000000c2700000| Untracked 
|  40|0x00000000c2800000, 0x00000000c2900000, 0x00000000c2900000|100%| O|  |TAMS 0x00000000c2900000, 0x00000000c2800000| Untracked 
|  41|0x00000000c2900000, 0x00000000c2a00000, 0x00000000c2a00000|100%| O|  |TAMS 0x00000000c2a00000, 0x00000000c2900000| Untracked 
|  42|0x00000000c2a00000, 0x00000000c2b00000, 0x00000000c2b00000|100%| O|  |TAMS 0x00000000c2b00000, 0x00000000c2a00000| Untracked 
|  43|0x00000000c2b00000, 0x00000000c2c00000, 0x00000000c2c00000|100%| O|  |TAMS 0x00000000c2c00000, 0x00000000c2b00000| Untracked 
|  44|0x00000000c2c00000, 0x00000000c2d00000, 0x00000000c2d00000|100%| O|  |TAMS 0x00000000c2d00000, 0x00000000c2c00000| Untracked 
|  45|0x00000000c2d00000, 0x00000000c2e00000, 0x00000000c2e00000|100%| O|  |TAMS 0x00000000c2e00000, 0x00000000c2d00000| Untracked 
|  46|0x00000000c2e00000, 0x00000000c2f00000, 0x00000000c2f00000|100%| O|  |TAMS 0x00000000c2f00000, 0x00000000c2e00000| Untracked 
|  47|0x00000000c2f00000, 0x00000000c3000000, 0x00000000c3000000|100%| O|  |TAMS 0x00000000c3000000, 0x00000000c2f00000| Untracked 
|  48|0x00000000c3000000, 0x00000000c3000000, 0x00000000c3100000|  0%| F|  |TAMS 0x00000000c3000000, 0x00000000c3000000| Untracked 
|  49|0x00000000c3100000, 0x00000000c3200000, 0x00000000c3200000|100%| O|  |TAMS 0x00000000c3200000, 0x00000000c3100000| Untracked 
|  50|0x00000000c3200000, 0x00000000c3300000, 0x00000000c3300000|100%| O|  |TAMS 0x00000000c3300000, 0x00000000c3200000| Untracked 
|  51|0x00000000c3300000, 0x00000000c3400000, 0x00000000c3400000|100%| O|  |TAMS 0x00000000c3400000, 0x00000000c3300000| Untracked 
|  52|0x00000000c3400000, 0x00000000c3500000, 0x00000000c3500000|100%| O|  |TAMS 0x00000000c3500000, 0x00000000c3400000| Untracked 
|  53|0x00000000c3500000, 0x00000000c3600000, 0x00000000c3600000|100%| O|  |TAMS 0x00000000c3600000, 0x00000000c3500000| Untracked 
|  54|0x00000000c3600000, 0x00000000c3700000, 0x00000000c3700000|100%| O|  |TAMS 0x00000000c3700000, 0x00000000c3600000| Untracked 
|  55|0x00000000c3700000, 0x00000000c3800000, 0x00000000c3800000|100%| O|  |TAMS 0x00000000c3800000, 0x00000000c3700000| Untracked 
|  56|0x00000000c3800000, 0x00000000c3900000, 0x00000000c3900000|100%| O|  |TAMS 0x00000000c3900000, 0x00000000c3800000| Untracked 
|  57|0x00000000c3900000, 0x00000000c3a00000, 0x00000000c3a00000|100%| O|  |TAMS 0x00000000c3a00000, 0x00000000c3900000| Untracked 
|  58|0x00000000c3a00000, 0x00000000c3b00000, 0x00000000c3b00000|100%| O|  |TAMS 0x00000000c3b00000, 0x00000000c3a00000| Untracked 
|  59|0x00000000c3b00000, 0x00000000c3c00000, 0x00000000c3c00000|100%| O|  |TAMS 0x00000000c3c00000, 0x00000000c3b00000| Untracked 
|  60|0x00000000c3c00000, 0x00000000c3d00000, 0x00000000c3d00000|100%| O|  |TAMS 0x00000000c3d00000, 0x00000000c3c00000| Untracked 
|  61|0x00000000c3d00000, 0x00000000c3e00000, 0x00000000c3e00000|100%| O|  |TAMS 0x00000000c3e00000, 0x00000000c3d00000| Untracked 
|  62|0x00000000c3e00000, 0x00000000c3f00000, 0x00000000c3f00000|100%| O|  |TAMS 0x00000000c3f00000, 0x00000000c3e00000| Untracked 
|  63|0x00000000c3f00000, 0x00000000c4000000, 0x00000000c4000000|100%| O|  |TAMS 0x00000000c4000000, 0x00000000c3f00000| Untracked 
|  64|0x00000000c4000000, 0x00000000c4100000, 0x00000000c4100000|100%| O|  |TAMS 0x00000000c4100000, 0x00000000c4000000| Untracked 
|  65|0x00000000c4100000, 0x00000000c4200000, 0x00000000c4200000|100%| O|  |TAMS 0x00000000c4100000, 0x00000000c4100000| Untracked 
|  66|0x00000000c4200000, 0x00000000c4300000, 0x00000000c4300000|100%| O|  |TAMS 0x00000000c4300000, 0x00000000c4200000| Untracked 
|  67|0x00000000c4300000, 0x00000000c4400000, 0x00000000c4400000|100%| O|  |TAMS 0x00000000c4400000, 0x00000000c4300000| Untracked 
|  68|0x00000000c4400000, 0x00000000c4500000, 0x00000000c4500000|100%| O|  |TAMS 0x00000000c4500000, 0x00000000c4400000| Untracked 
|  69|0x00000000c4500000, 0x00000000c4600000, 0x00000000c4600000|100%| O|  |TAMS 0x00000000c4600000, 0x00000000c4500000| Untracked 
|  70|0x00000000c4600000, 0x00000000c4700000, 0x00000000c4700000|100%| O|  |TAMS 0x00000000c4700000, 0x00000000c4600000| Untracked 
|  71|0x00000000c4700000, 0x00000000c4800000, 0x00000000c4800000|100%| O|  |TAMS 0x00000000c4800000, 0x00000000c4700000| Untracked 
|  72|0x00000000c4800000, 0x00000000c4900000, 0x00000000c4900000|100%| O|  |TAMS 0x00000000c4800000, 0x00000000c4800000| Untracked 
|  73|0x00000000c4900000, 0x00000000c4a00000, 0x00000000c4a00000|100%| O|  |TAMS 0x00000000c4900000, 0x00000000c4900000| Untracked 
|  74|0x00000000c4a00000, 0x00000000c4b00000, 0x00000000c4b00000|100%|HS|  |TAMS 0x00000000c4a00000, 0x00000000c4a00000| Complete 
|  75|0x00000000c4b00000, 0x00000000c4c00000, 0x00000000c4c00000|100%|HS|  |TAMS 0x00000000c4b00000, 0x00000000c4b00000| Complete 
|  76|0x00000000c4c00000, 0x00000000c4d00000, 0x00000000c4d00000|100%| O|  |TAMS 0x00000000c4c00000, 0x00000000c4c00000| Untracked 
|  77|0x00000000c4d00000, 0x00000000c4e00000, 0x00000000c4e00000|100%| O|  |TAMS 0x00000000c4e00000, 0x00000000c4d00000| Untracked 
|  78|0x00000000c4e00000, 0x00000000c4f00000, 0x00000000c4f00000|100%| O|  |TAMS 0x00000000c4f00000, 0x00000000c4e00000| Untracked 
|  79|0x00000000c4f00000, 0x00000000c5000000, 0x00000000c5000000|100%|HS|  |TAMS 0x00000000c5000000, 0x00000000c4f00000| Complete 
|  80|0x00000000c5000000, 0x00000000c5100000, 0x00000000c5100000|100%|HS|  |TAMS 0x00000000c5100000, 0x00000000c5000000| Complete 
|  81|0x00000000c5100000, 0x00000000c5200000, 0x00000000c5200000|100%| O|  |TAMS 0x00000000c5200000, 0x00000000c5100000| Untracked 
|  82|0x00000000c5200000, 0x00000000c5300000, 0x00000000c5300000|100%| O|  |TAMS 0x00000000c5300000, 0x00000000c5200000| Untracked 
|  83|0x00000000c5300000, 0x00000000c5400000, 0x00000000c5400000|100%| O|  |TAMS 0x00000000c5400000, 0x00000000c5300000| Untracked 
|  84|0x00000000c5400000, 0x00000000c5500000, 0x00000000c5500000|100%| O|  |TAMS 0x00000000c5400000, 0x00000000c5400000| Untracked 
|  85|0x00000000c5500000, 0x00000000c5600000, 0x00000000c5600000|100%| O|  |TAMS 0x00000000c5600000, 0x00000000c5500000| Untracked 
|  86|0x00000000c5600000, 0x00000000c5700000, 0x00000000c5700000|100%| O|  |TAMS 0x00000000c5700000, 0x00000000c5600000| Untracked 
|  87|0x00000000c5700000, 0x00000000c5800000, 0x00000000c5800000|100%| O|  |TAMS 0x00000000c5800000, 0x00000000c5700000| Untracked 
|  88|0x00000000c5800000, 0x00000000c5900000, 0x00000000c5900000|100%| O|  |TAMS 0x00000000c5900000, 0x00000000c5800000| Untracked 
|  89|0x00000000c5900000, 0x00000000c5a00000, 0x00000000c5a00000|100%| O|  |TAMS 0x00000000c5a00000, 0x00000000c5900000| Untracked 
|  90|0x00000000c5a00000, 0x00000000c5a00000, 0x00000000c5b00000|  0%| F|  |TAMS 0x00000000c5a00000, 0x00000000c5a00000| Untracked 
|  91|0x00000000c5b00000, 0x00000000c5c00000, 0x00000000c5c00000|100%| O|  |TAMS 0x00000000c5c00000, 0x00000000c5b00000| Untracked 
|  92|0x00000000c5c00000, 0x00000000c5c43200, 0x00000000c5d00000| 26%| O|  |TAMS 0x00000000c5c00000, 0x00000000c5c00000| Untracked 
|  93|0x00000000c5d00000, 0x00000000c5e00000, 0x00000000c5e00000|100%| O|  |TAMS 0x00000000c5e00000, 0x00000000c5d00000| Untracked 
|  94|0x00000000c5e00000, 0x00000000c5e00000, 0x00000000c5f00000|  0%| F|  |TAMS 0x00000000c5e00000, 0x00000000c5e00000| Untracked 
|  95|0x00000000c5f00000, 0x00000000c6000000, 0x00000000c6000000|100%| O|  |TAMS 0x00000000c6000000, 0x00000000c5f00000| Untracked 
|  96|0x00000000c6000000, 0x00000000c6100000, 0x00000000c6100000|100%| O|  |TAMS 0x00000000c6100000, 0x00000000c6000000| Untracked 
|  97|0x00000000c6100000, 0x00000000c6200000, 0x00000000c6200000|100%| O|  |TAMS 0x00000000c6200000, 0x00000000c6100000| Untracked 
|  98|0x00000000c6200000, 0x00000000c6300000, 0x00000000c6300000|100%| O|  |TAMS 0x00000000c6300000, 0x00000000c6200000| Untracked 
|  99|0x00000000c6300000, 0x00000000c6400000, 0x00000000c6400000|100%| O|  |TAMS 0x00000000c639f200, 0x00000000c6300000| Untracked 
| 100|0x00000000c6400000, 0x00000000c6500000, 0x00000000c6500000|100%|HS|  |TAMS 0x00000000c6500000, 0x00000000c6400000| Complete 
| 101|0x00000000c6500000, 0x00000000c6600000, 0x00000000c6600000|100%|HS|  |TAMS 0x00000000c6600000, 0x00000000c6500000| Complete 
| 102|0x00000000c6600000, 0x00000000c6700000, 0x00000000c6700000|100%|HC|  |TAMS 0x00000000c6700000, 0x00000000c6600000| Complete 
| 103|0x00000000c6700000, 0x00000000c6700000, 0x00000000c6800000|  0%| F|  |TAMS 0x00000000c6700000, 0x00000000c6700000| Untracked 
| 104|0x00000000c6800000, 0x00000000c6900000, 0x00000000c6900000|100%|HS|  |TAMS 0x00000000c6900000, 0x00000000c6800000| Complete 
| 105|0x00000000c6900000, 0x00000000c6a00000, 0x00000000c6a00000|100%|HC|  |TAMS 0x00000000c6a00000, 0x00000000c6900000| Complete 
| 106|0x00000000c6a00000, 0x00000000c6b00000, 0x00000000c6b00000|100%| O|  |TAMS 0x00000000c6b00000, 0x00000000c6a00000| Untracked 
| 107|0x00000000c6b00000, 0x00000000c6b00000, 0x00000000c6c00000|  0%| F|  |TAMS 0x00000000c6b00000, 0x00000000c6b00000| Untracked 
| 108|0x00000000c6c00000, 0x00000000c6d00000, 0x00000000c6d00000|100%|HS|  |TAMS 0x00000000c6d00000, 0x00000000c6c00000| Complete 
| 109|0x00000000c6d00000, 0x00000000c6e00000, 0x00000000c6e00000|100%|HC|  |TAMS 0x00000000c6e00000, 0x00000000c6d00000| Complete 
| 110|0x00000000c6e00000, 0x00000000c6f00000, 0x00000000c6f00000|100%| O|  |TAMS 0x00000000c6f00000, 0x00000000c6e00000| Untracked 
| 111|0x00000000c6f00000, 0x00000000c7000000, 0x00000000c7000000|100%| O|  |TAMS 0x00000000c7000000, 0x00000000c6f00000| Untracked 
| 112|0x00000000c7000000, 0x00000000c7100000, 0x00000000c7100000|100%| O|  |TAMS 0x00000000c7100000, 0x00000000c7000000| Untracked 
| 113|0x00000000c7100000, 0x00000000c7200000, 0x00000000c7200000|100%| O|  |TAMS 0x00000000c7200000, 0x00000000c7100000| Untracked 
| 114|0x00000000c7200000, 0x00000000c7300000, 0x00000000c7300000|100%| O|  |TAMS 0x00000000c7300000, 0x00000000c7200000| Untracked 
| 115|0x00000000c7300000, 0x00000000c7400000, 0x00000000c7400000|100%| O|  |TAMS 0x00000000c7400000, 0x00000000c7300000| Untracked 
| 116|0x00000000c7400000, 0x00000000c7400000, 0x00000000c7500000|  0%| F|  |TAMS 0x00000000c7400000, 0x00000000c7400000| Untracked 
| 117|0x00000000c7500000, 0x00000000c7500000, 0x00000000c7600000|  0%| F|  |TAMS 0x00000000c7500000, 0x00000000c7500000| Untracked 
| 118|0x00000000c7600000, 0x00000000c7600000, 0x00000000c7700000|  0%| F|  |TAMS 0x00000000c7600000, 0x00000000c7600000| Untracked 
| 119|0x00000000c7700000, 0x00000000c7700000, 0x00000000c7800000|  0%| F|  |TAMS 0x00000000c7700000, 0x00000000c7700000| Untracked 
| 120|0x00000000c7800000, 0x00000000c7800000, 0x00000000c7900000|  0%| F|  |TAMS 0x00000000c7800000, 0x00000000c7800000| Untracked 
| 121|0x00000000c7900000, 0x00000000c7a00000, 0x00000000c7a00000|100%|HS|  |TAMS 0x00000000c7900000, 0x00000000c7900000| Complete 
| 122|0x00000000c7a00000, 0x00000000c7b00000, 0x00000000c7b00000|100%| O|  |TAMS 0x00000000c7b00000, 0x00000000c7a00000| Untracked 
| 123|0x00000000c7b00000, 0x00000000c7c00000, 0x00000000c7c00000|100%| O|  |TAMS 0x00000000c7c00000, 0x00000000c7b00000| Untracked 
| 124|0x00000000c7c00000, 0x00000000c7d00000, 0x00000000c7d00000|100%| O|  |TAMS 0x00000000c7d00000, 0x00000000c7c00000| Untracked 
| 125|0x00000000c7d00000, 0x00000000c7e00000, 0x00000000c7e00000|100%| O|  |TAMS 0x00000000c7e00000, 0x00000000c7d00000| Untracked 
| 126|0x00000000c7e00000, 0x00000000c7f00000, 0x00000000c7f00000|100%| O|  |TAMS 0x00000000c7f00000, 0x00000000c7e00000| Untracked 
| 127|0x00000000c7f00000, 0x00000000c7f00000, 0x00000000c8000000|  0%| F|  |TAMS 0x00000000c7f00000, 0x00000000c7f00000| Untracked 
| 128|0x00000000c8000000, 0x00000000c8000000, 0x00000000c8100000|  0%| F|  |TAMS 0x00000000c8000000, 0x00000000c8000000| Untracked 
| 129|0x00000000c8100000, 0x00000000c8100000, 0x00000000c8200000|  0%| F|  |TAMS 0x00000000c8100000, 0x00000000c8100000| Untracked 
| 130|0x00000000c8200000, 0x00000000c8200000, 0x00000000c8300000|  0%| F|  |TAMS 0x00000000c8200000, 0x00000000c8200000| Untracked 
| 131|0x00000000c8300000, 0x00000000c8300000, 0x00000000c8400000|  0%| F|  |TAMS 0x00000000c8300000, 0x00000000c8300000| Untracked 
| 132|0x00000000c8400000, 0x00000000c8400000, 0x00000000c8500000|  0%| F|  |TAMS 0x00000000c8400000, 0x00000000c8400000| Untracked 
| 133|0x00000000c8500000, 0x00000000c8500000, 0x00000000c8600000|  0%| F|  |TAMS 0x00000000c8500000, 0x00000000c8500000| Untracked 
| 134|0x00000000c8600000, 0x00000000c8600000, 0x00000000c8700000|  0%| F|  |TAMS 0x00000000c8600000, 0x00000000c8600000| Untracked 
| 135|0x00000000c8700000, 0x00000000c8700000, 0x00000000c8800000|  0%| F|  |TAMS 0x00000000c8700000, 0x00000000c8700000| Untracked 
| 136|0x00000000c8800000, 0x00000000c8800000, 0x00000000c8900000|  0%| F|  |TAMS 0x00000000c8800000, 0x00000000c8800000| Untracked 
| 137|0x00000000c8900000, 0x00000000c8900000, 0x00000000c8a00000|  0%| F|  |TAMS 0x00000000c8900000, 0x00000000c8900000| Untracked 
| 138|0x00000000c8a00000, 0x00000000c8a00000, 0x00000000c8b00000|  0%| F|  |TAMS 0x00000000c8a00000, 0x00000000c8a00000| Untracked 
| 139|0x00000000c8b00000, 0x00000000c8b00000, 0x00000000c8c00000|  0%| F|  |TAMS 0x00000000c8b00000, 0x00000000c8b00000| Untracked 
| 140|0x00000000c8c00000, 0x00000000c8c00000, 0x00000000c8d00000|  0%| F|  |TAMS 0x00000000c8c00000, 0x00000000c8c00000| Untracked 
| 141|0x00000000c8d00000, 0x00000000c8d00000, 0x00000000c8e00000|  0%| F|  |TAMS 0x00000000c8d00000, 0x00000000c8d00000| Untracked 
| 142|0x00000000c8e00000, 0x00000000c8e00000, 0x00000000c8f00000|  0%| F|  |TAMS 0x00000000c8e00000, 0x00000000c8e00000| Untracked 
| 143|0x00000000c8f00000, 0x00000000c8f00000, 0x00000000c9000000|  0%| F|  |TAMS 0x00000000c8f00000, 0x00000000c8f00000| Untracked 
| 144|0x00000000c9000000, 0x00000000c9000000, 0x00000000c9100000|  0%| F|  |TAMS 0x00000000c9000000, 0x00000000c9000000| Untracked 
| 145|0x00000000c9100000, 0x00000000c9100000, 0x00000000c9200000|  0%| F|  |TAMS 0x00000000c9100000, 0x00000000c9100000| Untracked 
| 146|0x00000000c9200000, 0x00000000c9200000, 0x00000000c9300000|  0%| F|  |TAMS 0x00000000c9200000, 0x00000000c9200000| Untracked 
| 147|0x00000000c9300000, 0x00000000c9300000, 0x00000000c9400000|  0%| F|  |TAMS 0x00000000c9300000, 0x00000000c9300000| Untracked 
| 148|0x00000000c9400000, 0x00000000c9400000, 0x00000000c9500000|  0%| F|  |TAMS 0x00000000c9400000, 0x00000000c9400000| Untracked 
| 149|0x00000000c9500000, 0x00000000c9500000, 0x00000000c9600000|  0%| F|  |TAMS 0x00000000c9500000, 0x00000000c9500000| Untracked 
| 150|0x00000000c9600000, 0x00000000c9600000, 0x00000000c9700000|  0%| F|  |TAMS 0x00000000c9600000, 0x00000000c9600000| Untracked 
| 151|0x00000000c9700000, 0x00000000c9700000, 0x00000000c9800000|  0%| F|  |TAMS 0x00000000c9700000, 0x00000000c9700000| Untracked 
| 152|0x00000000c9800000, 0x00000000c9800000, 0x00000000c9900000|  0%| F|  |TAMS 0x00000000c9800000, 0x00000000c9800000| Untracked 
| 153|0x00000000c9900000, 0x00000000c9900000, 0x00000000c9a00000|  0%| F|  |TAMS 0x00000000c9900000, 0x00000000c9900000| Untracked 
| 154|0x00000000c9a00000, 0x00000000c9a00000, 0x00000000c9b00000|  0%| F|  |TAMS 0x00000000c9a00000, 0x00000000c9a00000| Untracked 
| 155|0x00000000c9b00000, 0x00000000c9b00000, 0x00000000c9c00000|  0%| F|  |TAMS 0x00000000c9b00000, 0x00000000c9b00000| Untracked 
| 156|0x00000000c9c00000, 0x00000000c9c00000, 0x00000000c9d00000|  0%| F|  |TAMS 0x00000000c9c00000, 0x00000000c9c00000| Untracked 
| 157|0x00000000c9d00000, 0x00000000c9d00000, 0x00000000c9e00000|  0%| F|  |TAMS 0x00000000c9d00000, 0x00000000c9d00000| Untracked 
| 158|0x00000000c9e00000, 0x00000000c9e00000, 0x00000000c9f00000|  0%| F|  |TAMS 0x00000000c9e00000, 0x00000000c9e00000| Untracked 
| 159|0x00000000c9f00000, 0x00000000c9f00000, 0x00000000ca000000|  0%| F|  |TAMS 0x00000000c9f00000, 0x00000000c9f00000| Untracked 
| 160|0x00000000ca000000, 0x00000000ca000000, 0x00000000ca100000|  0%| F|  |TAMS 0x00000000ca000000, 0x00000000ca000000| Untracked 
| 161|0x00000000ca100000, 0x00000000ca100000, 0x00000000ca200000|  0%| F|  |TAMS 0x00000000ca100000, 0x00000000ca100000| Untracked 
| 162|0x00000000ca200000, 0x00000000ca200000, 0x00000000ca300000|  0%| F|  |TAMS 0x00000000ca200000, 0x00000000ca200000| Untracked 
| 163|0x00000000ca300000, 0x00000000ca300000, 0x00000000ca400000|  0%| F|  |TAMS 0x00000000ca300000, 0x00000000ca300000| Untracked 
| 164|0x00000000ca400000, 0x00000000ca400000, 0x00000000ca500000|  0%| F|  |TAMS 0x00000000ca400000, 0x00000000ca400000| Untracked 
| 165|0x00000000ca500000, 0x00000000ca500000, 0x00000000ca600000|  0%| F|  |TAMS 0x00000000ca500000, 0x00000000ca500000| Untracked 
| 166|0x00000000ca600000, 0x00000000ca600000, 0x00000000ca700000|  0%| F|  |TAMS 0x00000000ca600000, 0x00000000ca600000| Untracked 
| 167|0x00000000ca700000, 0x00000000ca700000, 0x00000000ca800000|  0%| F|  |TAMS 0x00000000ca700000, 0x00000000ca700000| Untracked 
| 168|0x00000000ca800000, 0x00000000ca800000, 0x00000000ca900000|  0%| F|  |TAMS 0x00000000ca800000, 0x00000000ca800000| Untracked 
| 169|0x00000000ca900000, 0x00000000ca900000, 0x00000000caa00000|  0%| F|  |TAMS 0x00000000ca900000, 0x00000000ca900000| Untracked 
| 170|0x00000000caa00000, 0x00000000caa00000, 0x00000000cab00000|  0%| F|  |TAMS 0x00000000caa00000, 0x00000000caa00000| Untracked 
| 171|0x00000000cab00000, 0x00000000cab00000, 0x00000000cac00000|  0%| F|  |TAMS 0x00000000cab00000, 0x00000000cab00000| Untracked 
| 172|0x00000000cac00000, 0x00000000cac00000, 0x00000000cad00000|  0%| F|  |TAMS 0x00000000cac00000, 0x00000000cac00000| Untracked 
| 173|0x00000000cad00000, 0x00000000cad00000, 0x00000000cae00000|  0%| F|  |TAMS 0x00000000cad00000, 0x00000000cad00000| Untracked 
| 174|0x00000000cae00000, 0x00000000cae00000, 0x00000000caf00000|  0%| F|  |TAMS 0x00000000cae00000, 0x00000000cae00000| Untracked 
| 175|0x00000000caf00000, 0x00000000caf00000, 0x00000000cb000000|  0%| F|  |TAMS 0x00000000caf00000, 0x00000000caf00000| Untracked 
| 176|0x00000000cb000000, 0x00000000cb000000, 0x00000000cb100000|  0%| F|  |TAMS 0x00000000cb000000, 0x00000000cb000000| Untracked 
| 177|0x00000000cb100000, 0x00000000cb100000, 0x00000000cb200000|  0%| F|  |TAMS 0x00000000cb100000, 0x00000000cb100000| Untracked 
| 178|0x00000000cb200000, 0x00000000cb200000, 0x00000000cb300000|  0%| F|  |TAMS 0x00000000cb200000, 0x00000000cb200000| Untracked 
| 179|0x00000000cb300000, 0x00000000cb300000, 0x00000000cb400000|  0%| F|  |TAMS 0x00000000cb300000, 0x00000000cb300000| Untracked 
| 180|0x00000000cb400000, 0x00000000cb400000, 0x00000000cb500000|  0%| F|  |TAMS 0x00000000cb400000, 0x00000000cb400000| Untracked 
| 181|0x00000000cb500000, 0x00000000cb500000, 0x00000000cb600000|  0%| F|  |TAMS 0x00000000cb500000, 0x00000000cb500000| Untracked 
| 182|0x00000000cb600000, 0x00000000cb600000, 0x00000000cb700000|  0%| F|  |TAMS 0x00000000cb600000, 0x00000000cb600000| Untracked 
| 183|0x00000000cb700000, 0x00000000cb700000, 0x00000000cb800000|  0%| F|  |TAMS 0x00000000cb700000, 0x00000000cb700000| Untracked 
| 184|0x00000000cb800000, 0x00000000cb800000, 0x00000000cb900000|  0%| F|  |TAMS 0x00000000cb800000, 0x00000000cb800000| Untracked 
| 185|0x00000000cb900000, 0x00000000cb900000, 0x00000000cba00000|  0%| F|  |TAMS 0x00000000cb900000, 0x00000000cb900000| Untracked 
| 186|0x00000000cba00000, 0x00000000cba00000, 0x00000000cbb00000|  0%| F|  |TAMS 0x00000000cba00000, 0x00000000cba00000| Untracked 
| 187|0x00000000cbb00000, 0x00000000cbb00000, 0x00000000cbc00000|  0%| F|  |TAMS 0x00000000cbb00000, 0x00000000cbb00000| Untracked 
| 188|0x00000000cbc00000, 0x00000000cbc00000, 0x00000000cbd00000|  0%| F|  |TAMS 0x00000000cbc00000, 0x00000000cbc00000| Untracked 
| 189|0x00000000cbd00000, 0x00000000cbd00000, 0x00000000cbe00000|  0%| F|  |TAMS 0x00000000cbd00000, 0x00000000cbd00000| Untracked 
| 190|0x00000000cbe00000, 0x00000000cbe00000, 0x00000000cbf00000|  0%| F|  |TAMS 0x00000000cbe00000, 0x00000000cbe00000| Untracked 
| 191|0x00000000cbf00000, 0x00000000cbf00000, 0x00000000cc000000|  0%| F|  |TAMS 0x00000000cbf00000, 0x00000000cbf00000| Untracked 
| 192|0x00000000cc000000, 0x00000000cc000000, 0x00000000cc100000|  0%| F|  |TAMS 0x00000000cc000000, 0x00000000cc000000| Untracked 
| 193|0x00000000cc100000, 0x00000000cc100000, 0x00000000cc200000|  0%| F|  |TAMS 0x00000000cc100000, 0x00000000cc100000| Untracked 
| 194|0x00000000cc200000, 0x00000000cc200000, 0x00000000cc300000|  0%| F|  |TAMS 0x00000000cc200000, 0x00000000cc200000| Untracked 
| 195|0x00000000cc300000, 0x00000000cc300000, 0x00000000cc400000|  0%| F|  |TAMS 0x00000000cc300000, 0x00000000cc300000| Untracked 
| 196|0x00000000cc400000, 0x00000000cc400000, 0x00000000cc500000|  0%| F|  |TAMS 0x00000000cc400000, 0x00000000cc400000| Untracked 
| 197|0x00000000cc500000, 0x00000000cc500000, 0x00000000cc600000|  0%| F|  |TAMS 0x00000000cc500000, 0x00000000cc500000| Untracked 
| 198|0x00000000cc600000, 0x00000000cc600000, 0x00000000cc700000|  0%| F|  |TAMS 0x00000000cc600000, 0x00000000cc600000| Untracked 
| 199|0x00000000cc700000, 0x00000000cc700000, 0x00000000cc800000|  0%| F|  |TAMS 0x00000000cc700000, 0x00000000cc700000| Untracked 
| 200|0x00000000cc800000, 0x00000000cc800000, 0x00000000cc900000|  0%| F|  |TAMS 0x00000000cc800000, 0x00000000cc800000| Untracked 
| 201|0x00000000cc900000, 0x00000000cc900000, 0x00000000cca00000|  0%| F|  |TAMS 0x00000000cc900000, 0x00000000cc900000| Untracked 
| 202|0x00000000cca00000, 0x00000000cca00000, 0x00000000ccb00000|  0%| F|  |TAMS 0x00000000cca00000, 0x00000000cca00000| Untracked 
| 203|0x00000000ccb00000, 0x00000000ccb00000, 0x00000000ccc00000|  0%| F|  |TAMS 0x00000000ccb00000, 0x00000000ccb00000| Untracked 
| 204|0x00000000ccc00000, 0x00000000ccc00000, 0x00000000ccd00000|  0%| F|  |TAMS 0x00000000ccc00000, 0x00000000ccc00000| Untracked 
| 205|0x00000000ccd00000, 0x00000000ccd00000, 0x00000000cce00000|  0%| F|  |TAMS 0x00000000ccd00000, 0x00000000ccd00000| Untracked 
| 206|0x00000000cce00000, 0x00000000cce00000, 0x00000000ccf00000|  0%| F|  |TAMS 0x00000000cce00000, 0x00000000cce00000| Untracked 
| 207|0x00000000ccf00000, 0x00000000ccf00000, 0x00000000cd000000|  0%| F|  |TAMS 0x00000000ccf00000, 0x00000000ccf00000| Untracked 
| 208|0x00000000cd000000, 0x00000000cd000000, 0x00000000cd100000|  0%| F|  |TAMS 0x00000000cd000000, 0x00000000cd000000| Untracked 
| 209|0x00000000cd100000, 0x00000000cd100000, 0x00000000cd200000|  0%| F|  |TAMS 0x00000000cd100000, 0x00000000cd100000| Untracked 
| 210|0x00000000cd200000, 0x00000000cd200000, 0x00000000cd300000|  0%| F|  |TAMS 0x00000000cd200000, 0x00000000cd200000| Untracked 
| 211|0x00000000cd300000, 0x00000000cd300000, 0x00000000cd400000|  0%| F|  |TAMS 0x00000000cd300000, 0x00000000cd300000| Untracked 
| 212|0x00000000cd400000, 0x00000000cd400000, 0x00000000cd500000|  0%| F|  |TAMS 0x00000000cd400000, 0x00000000cd400000| Untracked 
| 213|0x00000000cd500000, 0x00000000cd500000, 0x00000000cd600000|  0%| F|  |TAMS 0x00000000cd500000, 0x00000000cd500000| Untracked 
| 214|0x00000000cd600000, 0x00000000cd600000, 0x00000000cd700000|  0%| F|  |TAMS 0x00000000cd600000, 0x00000000cd600000| Untracked 
| 215|0x00000000cd700000, 0x00000000cd700000, 0x00000000cd800000|  0%| F|  |TAMS 0x00000000cd700000, 0x00000000cd700000| Untracked 
| 216|0x00000000cd800000, 0x00000000cd800000, 0x00000000cd900000|  0%| F|  |TAMS 0x00000000cd800000, 0x00000000cd800000| Untracked 
| 217|0x00000000cd900000, 0x00000000cd900000, 0x00000000cda00000|  0%| F|  |TAMS 0x00000000cd900000, 0x00000000cd900000| Untracked 
| 218|0x00000000cda00000, 0x00000000cda00000, 0x00000000cdb00000|  0%| F|  |TAMS 0x00000000cda00000, 0x00000000cda00000| Untracked 
| 219|0x00000000cdb00000, 0x00000000cdb00000, 0x00000000cdc00000|  0%| F|  |TAMS 0x00000000cdb00000, 0x00000000cdb00000| Untracked 
| 220|0x00000000cdc00000, 0x00000000cdc00000, 0x00000000cdd00000|  0%| F|  |TAMS 0x00000000cdc00000, 0x00000000cdc00000| Untracked 
| 221|0x00000000cdd00000, 0x00000000cdd00000, 0x00000000cde00000|  0%| F|  |TAMS 0x00000000cdd00000, 0x00000000cdd00000| Untracked 
| 222|0x00000000cde00000, 0x00000000cde00000, 0x00000000cdf00000|  0%| F|  |TAMS 0x00000000cde00000, 0x00000000cde00000| Untracked 
| 223|0x00000000cdf00000, 0x00000000cdf00000, 0x00000000ce000000|  0%| F|  |TAMS 0x00000000cdf00000, 0x00000000cdf00000| Untracked 
| 224|0x00000000ce000000, 0x00000000ce000000, 0x00000000ce100000|  0%| F|  |TAMS 0x00000000ce000000, 0x00000000ce000000| Untracked 
| 225|0x00000000ce100000, 0x00000000ce100000, 0x00000000ce200000|  0%| F|  |TAMS 0x00000000ce100000, 0x00000000ce100000| Untracked 
| 226|0x00000000ce200000, 0x00000000ce200000, 0x00000000ce300000|  0%| F|  |TAMS 0x00000000ce200000, 0x00000000ce200000| Untracked 
| 227|0x00000000ce300000, 0x00000000ce300000, 0x00000000ce400000|  0%| F|  |TAMS 0x00000000ce300000, 0x00000000ce300000| Untracked 
| 228|0x00000000ce400000, 0x00000000ce400000, 0x00000000ce500000|  0%| F|  |TAMS 0x00000000ce400000, 0x00000000ce400000| Untracked 
| 229|0x00000000ce500000, 0x00000000ce500000, 0x00000000ce600000|  0%| F|  |TAMS 0x00000000ce500000, 0x00000000ce500000| Untracked 
| 230|0x00000000ce600000, 0x00000000ce600000, 0x00000000ce700000|  0%| F|  |TAMS 0x00000000ce600000, 0x00000000ce600000| Untracked 
| 231|0x00000000ce700000, 0x00000000ce700000, 0x00000000ce800000|  0%| F|  |TAMS 0x00000000ce700000, 0x00000000ce700000| Untracked 
| 232|0x00000000ce800000, 0x00000000ce800000, 0x00000000ce900000|  0%| F|  |TAMS 0x00000000ce800000, 0x00000000ce800000| Untracked 
| 233|0x00000000ce900000, 0x00000000ce900000, 0x00000000cea00000|  0%| F|  |TAMS 0x00000000ce900000, 0x00000000ce900000| Untracked 
| 234|0x00000000cea00000, 0x00000000cea00000, 0x00000000ceb00000|  0%| F|  |TAMS 0x00000000cea00000, 0x00000000cea00000| Untracked 
| 235|0x00000000ceb00000, 0x00000000ceb00000, 0x00000000cec00000|  0%| F|  |TAMS 0x00000000ceb00000, 0x00000000ceb00000| Untracked 
| 236|0x00000000cec00000, 0x00000000cec00000, 0x00000000ced00000|  0%| F|  |TAMS 0x00000000cec00000, 0x00000000cec00000| Untracked 
| 237|0x00000000ced00000, 0x00000000ced00000, 0x00000000cee00000|  0%| F|  |TAMS 0x00000000ced00000, 0x00000000ced00000| Untracked 
| 238|0x00000000cee00000, 0x00000000cee00000, 0x00000000cef00000|  0%| F|  |TAMS 0x00000000cee00000, 0x00000000cee00000| Untracked 
| 239|0x00000000cef00000, 0x00000000cef00000, 0x00000000cf000000|  0%| F|  |TAMS 0x00000000cef00000, 0x00000000cef00000| Untracked 
| 240|0x00000000cf000000, 0x00000000cf000000, 0x00000000cf100000|  0%| F|  |TAMS 0x00000000cf000000, 0x00000000cf000000| Untracked 
| 241|0x00000000cf100000, 0x00000000cf100000, 0x00000000cf200000|  0%| F|  |TAMS 0x00000000cf100000, 0x00000000cf100000| Untracked 
| 242|0x00000000cf200000, 0x00000000cf200000, 0x00000000cf300000|  0%| F|  |TAMS 0x00000000cf200000, 0x00000000cf200000| Untracked 
| 243|0x00000000cf300000, 0x00000000cf300000, 0x00000000cf400000|  0%| F|  |TAMS 0x00000000cf300000, 0x00000000cf300000| Untracked 
| 244|0x00000000cf400000, 0x00000000cf400000, 0x00000000cf500000|  0%| F|  |TAMS 0x00000000cf400000, 0x00000000cf400000| Untracked 
| 245|0x00000000cf500000, 0x00000000cf500000, 0x00000000cf600000|  0%| F|  |TAMS 0x00000000cf500000, 0x00000000cf500000| Untracked 
| 246|0x00000000cf600000, 0x00000000cf600000, 0x00000000cf700000|  0%| F|  |TAMS 0x00000000cf600000, 0x00000000cf600000| Untracked 
| 247|0x00000000cf700000, 0x00000000cf700000, 0x00000000cf800000|  0%| F|  |TAMS 0x00000000cf700000, 0x00000000cf700000| Untracked 
| 248|0x00000000cf800000, 0x00000000cf800000, 0x00000000cf900000|  0%| F|  |TAMS 0x00000000cf800000, 0x00000000cf800000| Untracked 
| 249|0x00000000cf900000, 0x00000000cf900000, 0x00000000cfa00000|  0%| F|  |TAMS 0x00000000cf900000, 0x00000000cf900000| Untracked 
| 250|0x00000000cfa00000, 0x00000000cfa00000, 0x00000000cfb00000|  0%| F|  |TAMS 0x00000000cfa00000, 0x00000000cfa00000| Untracked 
| 251|0x00000000cfb00000, 0x00000000cfb00000, 0x00000000cfc00000|  0%| F|  |TAMS 0x00000000cfb00000, 0x00000000cfb00000| Untracked 
| 252|0x00000000cfc00000, 0x00000000cfc00000, 0x00000000cfd00000|  0%| F|  |TAMS 0x00000000cfc00000, 0x00000000cfc00000| Untracked 
| 253|0x00000000cfd00000, 0x00000000cfd00000, 0x00000000cfe00000|  0%| F|  |TAMS 0x00000000cfd00000, 0x00000000cfd00000| Untracked 
| 254|0x00000000cfe00000, 0x00000000cfe00000, 0x00000000cff00000|  0%| F|  |TAMS 0x00000000cfe00000, 0x00000000cfe00000| Untracked 
| 255|0x00000000cff00000, 0x00000000cff00000, 0x00000000d0000000|  0%| F|  |TAMS 0x00000000cff00000, 0x00000000cff00000| Untracked 
| 256|0x00000000d0000000, 0x00000000d0000000, 0x00000000d0100000|  0%| F|  |TAMS 0x00000000d0000000, 0x00000000d0000000| Untracked 
| 257|0x00000000d0100000, 0x00000000d0100000, 0x00000000d0200000|  0%| F|  |TAMS 0x00000000d0100000, 0x00000000d0100000| Untracked 
| 258|0x00000000d0200000, 0x00000000d0200000, 0x00000000d0300000|  0%| F|  |TAMS 0x00000000d0200000, 0x00000000d0200000| Untracked 
| 259|0x00000000d0300000, 0x00000000d0300000, 0x00000000d0400000|  0%| F|  |TAMS 0x00000000d0300000, 0x00000000d0300000| Untracked 
| 260|0x00000000d0400000, 0x00000000d0400000, 0x00000000d0500000|  0%| F|  |TAMS 0x00000000d0400000, 0x00000000d0400000| Untracked 
| 261|0x00000000d0500000, 0x00000000d0500000, 0x00000000d0600000|  0%| F|  |TAMS 0x00000000d0500000, 0x00000000d0500000| Untracked 
| 262|0x00000000d0600000, 0x00000000d0700000, 0x00000000d0700000|100%| S|CS|TAMS 0x00000000d0600000, 0x00000000d0600000| Complete 
| 263|0x00000000d0700000, 0x00000000d0700000, 0x00000000d0800000|  0%| F|  |TAMS 0x00000000d0700000, 0x00000000d0700000| Untracked 
| 264|0x00000000d0800000, 0x00000000d0800000, 0x00000000d0900000|  0%| F|  |TAMS 0x00000000d0800000, 0x00000000d0800000| Untracked 
| 265|0x00000000d0900000, 0x00000000d0991710, 0x00000000d0a00000| 56%| E|  |TAMS 0x00000000d0900000, 0x00000000d0900000| Complete 
| 266|0x00000000d0a00000, 0x00000000d0b00000, 0x00000000d0b00000|100%| E|CS|TAMS 0x00000000d0a00000, 0x00000000d0a00000| Complete 
| 267|0x00000000d0b00000, 0x00000000d0c00000, 0x00000000d0c00000|100%| E|CS|TAMS 0x00000000d0b00000, 0x00000000d0b00000| Complete 
| 268|0x00000000d0c00000, 0x00000000d0d00000, 0x00000000d0d00000|100%| E|CS|TAMS 0x00000000d0c00000, 0x00000000d0c00000| Complete 
| 269|0x00000000d0d00000, 0x00000000d0e00000, 0x00000000d0e00000|100%| O|  |TAMS 0x00000000d0e00000, 0x00000000d0d00000| Untracked 
| 270|0x00000000d0e00000, 0x00000000d0f00000, 0x00000000d0f00000|100%| E|CS|TAMS 0x00000000d0e00000, 0x00000000d0e00000| Complete 
| 271|0x00000000d0f00000, 0x00000000d1000000, 0x00000000d1000000|100%| O|  |TAMS 0x00000000d1000000, 0x00000000d0f00000| Untracked 
| 272|0x00000000d1000000, 0x00000000d1100000, 0x00000000d1100000|100%| O|  |TAMS 0x00000000d1100000, 0x00000000d1000000| Untracked 
| 273|0x00000000d1100000, 0x00000000d1200000, 0x00000000d1200000|100%| O|  |TAMS 0x00000000d1200000, 0x00000000d1100000| Untracked 
| 274|0x00000000d1200000, 0x00000000d1300000, 0x00000000d1300000|100%| O|  |TAMS 0x00000000d1300000, 0x00000000d1200000| Untracked 
| 275|0x00000000d1300000, 0x00000000d1400000, 0x00000000d1400000|100%| E|CS|TAMS 0x00000000d1300000, 0x00000000d1300000| Complete 
| 276|0x00000000d1400000, 0x00000000d1500000, 0x00000000d1500000|100%| O|  |TAMS 0x00000000d1500000, 0x00000000d1400000| Untracked 
| 277|0x00000000d1500000, 0x00000000d1600000, 0x00000000d1600000|100%| O|  |TAMS 0x00000000d1600000, 0x00000000d1500000| Untracked 
| 278|0x00000000d1600000, 0x00000000d1700000, 0x00000000d1700000|100%| E|CS|TAMS 0x00000000d1600000, 0x00000000d1600000| Complete 
| 279|0x00000000d1700000, 0x00000000d1800000, 0x00000000d1800000|100%| O|  |TAMS 0x00000000d1800000, 0x00000000d1700000| Untracked 
| 280|0x00000000d1800000, 0x00000000d1900000, 0x00000000d1900000|100%| O|  |TAMS 0x00000000d1900000, 0x00000000d1800000| Untracked 
| 281|0x00000000d1900000, 0x00000000d1a00000, 0x00000000d1a00000|100%| O|  |TAMS 0x00000000d1a00000, 0x00000000d1900000| Untracked 
| 282|0x00000000d1a00000, 0x00000000d1b00000, 0x00000000d1b00000|100%| O|  |TAMS 0x00000000d1b00000, 0x00000000d1a00000| Untracked 

Card table byte_map: [0x000001c576250000,0x000001c576450000] _byte_map_base: 0x000001c575c50000

Marking Bits (Prev, Next): (CMBitMap*) 0x000001c56ce78e40, (CMBitMap*) 0x000001c56ce78e08
 Prev Bits: [0x000001c577650000, 0x000001c578650000)
 Next Bits: [0x000001c576650000, 0x000001c577650000)

Polling page: 0x000001c56c270000

Metaspace:

Usage:
  Non-class:    120.99 MB capacity,   114.57 MB ( 95%) used,     6.04 MB (  5%) free+waste,   389.50 KB ( <1%) overhead. 
      Class:     18.99 MB capacity,    15.46 MB ( 81%) used,     3.33 MB ( 18%) free+waste,   197.81 KB (  1%) overhead. 
       Both:    139.98 MB capacity,   130.03 MB ( 93%) used,     9.38 MB (  7%) free+waste,   587.31 KB ( <1%) overhead. 

Virtual space:
  Non-class space:      122.00 MB reserved,     121.00 MB (>99%) committed 
      Class space:        1.00 GB reserved,      19.00 MB (  2%) committed 
             Both:        1.12 GB reserved,     140.00 MB ( 12%) committed 

Chunk freelists:
   Non-Class:  6.00 KB
       Class:  10.00 KB
        Both:  16.00 KB

MaxMetaspaceSize: 17179869184.00 GB
CompressedClassSpaceSize: 1.00 GB
Initial GC threshold: 20.80 MB
Current GC threshold: 228.13 MB
CDS: off

CodeHeap 'non-profiled nmethods': size=120000Kb used=15480Kb max_used=15480Kb free=104519Kb
 bounds [0x000001c507ad0000, 0x000001c508a10000, 0x000001c50f000000]
CodeHeap 'profiled nmethods': size=120000Kb used=40113Kb max_used=40113Kb free=79887Kb
 bounds [0x000001c5005a0000, 0x000001c502ce0000, 0x000001c507ad0000]
CodeHeap 'non-nmethods': size=5760Kb used=1681Kb max_used=1752Kb free=4078Kb
 bounds [0x000001c500000000, 0x000001c500270000, 0x000001c5005a0000]
 total_blobs=17545 nmethods=16473 adapters=981
 compilation: enabled
              stopped_count=0, restarted_count=0
 full_count=0

Compilation events (20 events):
Event: 83.840 Thread 0x000001c57b964800 19190       3       org.eclipse.swt.widgets.Control::checkBuffered (12 bytes)
Event: 83.841 Thread 0x000001c57b964800 nmethod 19190 0x000001c5022c8e90 code [0x000001c5022c9040, 0x000001c5022c9158]
Event: 83.841 Thread 0x000001c57b964800 19191       1       org.eclipse.swt.widgets.Control::getCodePage (2 bytes)
Event: 83.841 Thread 0x000001c57b964800 nmethod 19191 0x000001c508071690 code [0x000001c508071840, 0x000001c5080718f8]
Event: 83.899 Thread 0x000001c57b964800 19192       3       org.eclipse.e4.ui.model.application.ui.impl.ElementContainerImpl::setSelectedElement (91 bytes)
Event: 83.900 Thread 0x000001c57b964800 nmethod 19192 0x000001c502cc9f90 code [0x000001c502cca240, 0x000001c502ccaca8]
Event: 83.901 Thread 0x000001c57b964800 19193       3       org.eclipse.e4.ui.model.application.ui.impl.ElementContainerImpl::setSelectedElementGen (38 bytes)
Event: 83.901 Thread 0x000001c57b964800 nmethod 19193 0x000001c502ccb010 code [0x000001c502ccb220, 0x000001c502ccba78]
Event: 83.929 Thread 0x000001c57b964800 19194       3       org.eclipse.ui.internal.console.ConsoleDocumentAdapter::getCharCount (10 bytes)
Event: 83.930 Thread 0x000001c57b964800 nmethod 19194 0x000001c502ccbd10 code [0x000001c502ccbec0, 0x000001c502ccc088]
Event: 84.008 Thread 0x000001c57b964800 19195       3       org.eclipse.e4.core.internal.contexts.EclipseContext::set (161 bytes)
Event: 84.009 Thread 0x000001c57b964800 nmethod 19195 0x000001c502ccc190 code [0x000001c502ccc500, 0x000001c502ccdf38]
Event: 84.311 Thread 0x000001c57b964800 19196   !   3       sun.security.x509.X509CertImpl::getVersion (32 bytes)
Event: 84.311 Thread 0x000001c57b964800 nmethod 19196 0x000001c502cce810 code [0x000001c502cce9e0, 0x000001c502ccecc8]
Event: 84.311 Thread 0x000001c57b964800 19197       3       sun.security.x509.CertificateVersion::get (27 bytes)
Event: 84.312 Thread 0x000001c57b964800 nmethod 19197 0x000001c502ccee10 code [0x000001c502ccf020, 0x000001c502ccf518]
Event: 84.312 Thread 0x000001c57b964800 19198       3       java.util.TreeSet::remove (22 bytes)
Event: 84.312 Thread 0x000001c57b964800 nmethod 19198 0x000001c502ccf710 code [0x000001c502ccf8e0, 0x000001c502ccfb08]
Event: 84.312 Thread 0x000001c57b964800 19199       3       sun.security.provider.certpath.PolicyNodeImpl::getPolicyNodesExpectedHelper (115 bytes)
Event: 84.312 Thread 0x000001c57b964800 nmethod 19199 0x000001c502ccfc10 code [0x000001c502ccfee0, 0x000001c502cd1168]

GC Heap History (20 events):
Event: 53.278 GC heap before
{Heap before GC invocations=24 (full 0):
 garbage-first heap   total 262144K, used 136037K [0x00000000c0000000, 0x0000000100000000)
  region size 1024K, 12 young (12288K), 2 survivors (2048K)
 Metaspace       used 110325K, capacity 118778K, committed 118912K, reserved 1153024K
  class space    used 12685K, capacity 15478K, committed 15488K, reserved 1048576K
}
Event: 53.286 GC heap after
{Heap after GC invocations=25 (full 0):
 garbage-first heap   total 262144K, used 112512K [0x00000000c0000000, 0x0000000100000000)
  region size 1024K, 2 young (2048K), 2 survivors (2048K)
 Metaspace       used 110325K, capacity 118778K, committed 118912K, reserved 1153024K
  class space    used 12685K, capacity 15478K, committed 15488K, reserved 1048576K
}
Event: 55.687 GC heap before
{Heap before GC invocations=25 (full 0):
 garbage-first heap   total 262144K, used 198528K [0x00000000c0000000, 0x0000000100000000)
  region size 1024K, 82 young (83968K), 2 survivors (2048K)
 Metaspace       used 118253K, capacity 127270K, committed 127616K, reserved 1159168K
  class space    used 13864K, capacity 16908K, committed 17024K, reserved 1048576K
}
Event: 55.693 GC heap after
{Heap after GC invocations=26 (full 0):
 garbage-first heap   total 262144K, used 120389K [0x00000000c0000000, 0x0000000100000000)
  region size 1024K, 4 young (4096K), 4 survivors (4096K)
 Metaspace       used 118253K, capacity 127270K, committed 127616K, reserved 1159168K
  class space    used 13864K, capacity 16908K, committed 17024K, reserved 1048576K
}
Event: 65.931 GC heap before
{Heap before GC invocations=27 (full 0):
 garbage-first heap   total 262144K, used 213573K [0x00000000c0000000, 0x0000000100000000)
  region size 1024K, 91 young (93184K), 4 survivors (4096K)
 Metaspace       used 126429K, capacity 136090K, committed 136192K, reserved 1167360K
  class space    used 14937K, capacity 18367K, committed 18432K, reserved 1048576K
}
Event: 65.944 GC heap after
{Heap after GC invocations=28 (full 0):
 garbage-first heap   total 262144K, used 125878K [0x00000000c0000000, 0x0000000100000000)
  region size 1024K, 12 young (12288K), 12 survivors (12288K)
 Metaspace       used 126429K, capacity 136090K, committed 136192K, reserved 1167360K
  class space    used 14937K, capacity 18367K, committed 18432K, reserved 1048576K
}
Event: 65.949 GC heap before
{Heap before GC invocations=28 (full 0):
 garbage-first heap   total 262144K, used 126902K [0x00000000c0000000, 0x0000000100000000)
  region size 1024K, 13 young (13312K), 12 survivors (12288K)
 Metaspace       used 126437K, capacity 136090K, committed 136192K, reserved 1167360K
  class space    used 14938K, capacity 18367K, committed 18432K, reserved 1048576K
}
Event: 65.960 GC heap after
{Heap after GC invocations=29 (full 0):
 garbage-first heap   total 262144K, used 115607K [0x00000000c0000000, 0x0000000100000000)
  region size 1024K, 2 young (2048K), 2 survivors (2048K)
 Metaspace       used 126437K, capacity 136090K, committed 136192K, reserved 1167360K
  class space    used 14938K, capacity 18367K, committed 18432K, reserved 1048576K
}
Event: 68.388 GC heap before
{Heap before GC invocations=29 (full 0):
 garbage-first heap   total 262144K, used 172951K [0x00000000c0000000, 0x0000000100000000)
  region size 1024K, 60 young (61440K), 2 survivors (2048K)
 Metaspace       used 127228K, capacity 136951K, committed 137088K, reserved 1167360K
  class space    used 15030K, capacity 18457K, committed 18560K, reserved 1048576K
}
Event: 68.403 GC heap after
{Heap after GC invocations=30 (full 0):
 garbage-first heap   total 262144K, used 125450K [0x00000000c0000000, 0x0000000100000000)
  region size 1024K, 11 young (11264K), 11 survivors (11264K)
 Metaspace       used 127228K, capacity 136951K, committed 137088K, reserved 1167360K
  class space    used 15030K, capacity 18457K, committed 18560K, reserved 1048576K
}
Event: 73.302 GC heap before
{Heap before GC invocations=31 (full 0):
 garbage-first heap   total 272384K, used 270858K [0x00000000c0000000, 0x0000000100000000)
  region size 1024K, 84 young (86016K), 11 survivors (11264K)
 Metaspace       used 129450K, capacity 139216K, committed 139392K, reserved 1169408K
  class space    used 15350K, capacity 18781K, committed 18816K, reserved 1048576K
}
Event: 73.317 GC heap after
{Heap after GC invocations=32 (full 0):
 garbage-first heap   total 289792K, used 142279K [0x00000000c0000000, 0x0000000100000000)
  region size 1024K, 6 young (6144K), 6 survivors (6144K)
 Metaspace       used 129450K, capacity 139216K, committed 139392K, reserved 1169408K
  class space    used 15350K, capacity 18781K, committed 18816K, reserved 1048576K
}
Event: 74.309 GC heap before
{Heap before GC invocations=32 (full 0):
 garbage-first heap   total 289792K, used 150471K [0x00000000c0000000, 0x0000000100000000)
  region size 1024K, 14 young (14336K), 6 survivors (6144K)
 Metaspace       used 129814K, capacity 139766K, committed 140032K, reserved 1171456K
  class space    used 15416K, capacity 18899K, committed 18944K, reserved 1048576K
}
Event: 74.318 GC heap after
{Heap after GC invocations=33 (full 0):
 garbage-first heap   total 289792K, used 125504K [0x00000000c0000000, 0x0000000100000000)
  region size 1024K, 1 young (1024K), 1 survivors (1024K)
 Metaspace       used 129814K, capacity 139766K, committed 140032K, reserved 1171456K
  class space    used 15416K, capacity 18899K, committed 18944K, reserved 1048576K
}
Event: 74.414 GC heap before
{Heap before GC invocations=33 (full 0):
 garbage-first heap   total 289792K, used 127552K [0x00000000c0000000, 0x0000000100000000)
  region size 1024K, 4 young (4096K), 1 survivors (1024K)
 Metaspace       used 129841K, capacity 139767K, committed 140032K, reserved 1171456K
  class space    used 15418K, capacity 18899K, committed 18944K, reserved 1048576K
}
Event: 74.420 GC heap after
{Heap after GC invocations=34 (full 0):
 garbage-first heap   total 289792K, used 125286K [0x00000000c0000000, 0x0000000100000000)
  region size 1024K, 1 young (1024K), 1 survivors (1024K)
 Metaspace       used 129841K, capacity 139767K, committed 140032K, reserved 1171456K
  class space    used 15418K, capacity 18899K, committed 18944K, reserved 1048576K
}
Event: 81.927 GC heap before
{Heap before GC invocations=35 (full 0):
 garbage-first heap   total 289792K, used 262502K [0x00000000c0000000, 0x0000000100000000)
  region size 1024K, 82 young (83968K), 1 survivors (1024K)
 Metaspace       used 132823K, capacity 142950K, committed 143104K, reserved 1173504K
  class space    used 15795K, capacity 19403K, committed 19456K, reserved 1048576K
}
Event: 81.935 GC heap after
{Heap after GC invocations=36 (full 0):
 garbage-first heap   total 289792K, used 140542K [0x00000000c0000000, 0x0000000100000000)
  region size 1024K, 5 young (5120K), 5 survivors (5120K)
 Metaspace       used 132823K, capacity 142950K, committed 143104K, reserved 1173504K
  class space    used 15795K, capacity 19403K, committed 19456K, reserved 1048576K
}
Event: 83.703 GC heap before
{Heap before GC invocations=36 (full 0):
 garbage-first heap   total 289792K, used 149758K [0x00000000c0000000, 0x0000000100000000)
  region size 1024K, 14 young (14336K), 5 survivors (5120K)
 Metaspace       used 133137K, capacity 143338K, committed 143360K, reserved 1173504K
  class space    used 15833K, capacity 19445K, committed 19456K, reserved 1048576K
}
Event: 83.710 GC heap after
{Heap after GC invocations=37 (full 0):
 garbage-first heap   total 289792K, used 131340K [0x00000000c0000000, 0x0000000100000000)
  region size 1024K, 1 young (1024K), 1 survivors (1024K)
 Metaspace       used 133137K, capacity 143338K, committed 143360K, reserved 1173504K
  class space    used 15833K, capacity 19445K, committed 19456K, reserved 1048576K
}

Deoptimization events (20 events):
Event: 83.688 Thread 0x000001c57e294000 DEOPT UNPACKING pc=0x000001c5000085af sp=0x00000051097fde08 mode 2
Event: 83.688 Thread 0x000001c57e294000 Uncommon trap: trap_request=0xffffff4d fr.pc=0x000001c508737440 relative=0x0000000000000280
Event: 83.688 Thread 0x000001c56ce47000 Uncommon trap: reason=unstable_if action=reinterpret pc=0x000001c507e6fa38 method=org.eclipse.swt.layout.GridLayout.getData([[Lorg/eclipse/swt/widgets/Control;IIIIZ)Lorg/eclipse/swt/layout/GridData; @ 102 c2
Event: 83.689 Thread 0x000001c56ce47000 DEOPT PACKING pc=0x000001c507e6fa38 sp=0x0000005102ddc990
Event: 83.689 Thread 0x000001c56ce47000 DEOPT UNPACKING pc=0x000001c5000085af sp=0x0000005102ddc8e0 mode 2
Event: 83.689 Thread 0x000001c57e294000 Uncommon trap: reason=unstable_if action=reinterpret pc=0x000001c508737440 method=java.lang.AbstractStringBuilder.charAt(I)C @ 12 c2
Event: 83.689 Thread 0x000001c57e294000 DEOPT PACKING pc=0x000001c508737440 sp=0x00000051097fdea0
Event: 83.689 Thread 0x000001c57e294000 DEOPT UNPACKING pc=0x000001c5000085af sp=0x00000051097fddf8 mode 2
Event: 83.689 Thread 0x000001c57e294000 Uncommon trap: trap_request=0xffffff4d fr.pc=0x000001c507fc3958 relative=0x00000000000000b8
Event: 83.689 Thread 0x000001c57e294000 Uncommon trap: reason=unstable_if action=reinterpret pc=0x000001c507fc3958 method=java.lang.AbstractStringBuilder.charAt(I)C @ 12 c2
Event: 83.689 Thread 0x000001c57e294000 DEOPT PACKING pc=0x000001c507fc3958 sp=0x00000051097fde50
Event: 83.689 Thread 0x000001c57e294000 DEOPT UNPACKING pc=0x000001c5000085af sp=0x00000051097fde00 mode 2
Event: 83.700 Thread 0x000001c57e294000 Uncommon trap: trap_request=0xffffff4d fr.pc=0x000001c507aeb6e4 relative=0x00000000000002a4
Event: 83.700 Thread 0x000001c57e294000 Uncommon trap: reason=unstable_if action=reinterpret pc=0x000001c507aeb6e4 method=java.lang.AbstractStringBuilder.appendChars([CII)V @ 43 c2
Event: 83.700 Thread 0x000001c57e294000 DEOPT PACKING pc=0x000001c507aeb6e4 sp=0x00000051097fdff0
Event: 83.700 Thread 0x000001c57e294000 DEOPT UNPACKING pc=0x000001c5000085af sp=0x00000051097fdf68 mode 2
Event: 83.702 Thread 0x000001c56ce47000 Uncommon trap: trap_request=0xffffff4d fr.pc=0x000001c5088ae7b8 relative=0x0000000000003ef8
Event: 83.702 Thread 0x000001c56ce47000 Uncommon trap: reason=unstable_if action=reinterpret pc=0x000001c5088ae7b8 method=org.eclipse.e4.core.internal.di.Requestor.isValid()Z @ 4 c2
Event: 83.702 Thread 0x000001c56ce47000 DEOPT PACKING pc=0x000001c5088ae7b8 sp=0x0000005102ddc4e0
Event: 83.702 Thread 0x000001c56ce47000 DEOPT UNPACKING pc=0x000001c5000085af sp=0x0000005102ddc338 mode 2

Classes redefined (0 events):
No events

Internal exceptions (20 events):
Event: 68.576 Thread 0x000001c56ce47000 Implicit null exception at 0x000001c507e9732a to 0x000001c507e974fc
Event: 69.322 Thread 0x000001c514fb9800 Exception <a 'java/lang/InterruptedException'{0x00000000ceedc1c0}: sleep interrupted> (0x00000000ceedc1c0) thrown at [./src/hotspot/share/prims/jvm.cpp, line 3128]
Event: 74.837 Thread 0x000001c56ce47000 Implicit null exception at 0x000001c5084fc1ae to 0x000001c5084fc2a9
Event: 75.563 Thread 0x000001c56ce47000 Implicit null exception at 0x000001c5080e6143 to 0x000001c5080ea388
Event: 75.564 Thread 0x000001c56ce47000 Implicit null exception at 0x000001c50868e249 to 0x000001c50868e668
Event: 76.293 Thread 0x000001c56ce47000 Implicit null exception at 0x000001c507c3b436 to 0x000001c507c3b7e4
Event: 76.475 Thread 0x000001c57d789800 Exception <a 'java/lang/InterruptedException'{0x00000000ce700180}: sleep interrupted> (0x00000000ce700180) thrown at [./src/hotspot/share/prims/jvm.cpp, line 3128]
Event: 78.950 Thread 0x000001c514fc2800 Exception <a 'java/lang/InterruptedException'{0x00000000ce148790}: sleep interrupted> (0x00000000ce148790) thrown at [./src/hotspot/share/prims/jvm.cpp, line 3128]
Event: 80.892 Thread 0x000001c514fc4000 Exception <a 'java/io/FileNotFoundException'{0x00000000cd48fa60}> (0x00000000cd48fa60) thrown at [./src/hotspot/share/prims/jni.cpp, line 617]
Event: 80.892 Thread 0x000001c514fc4000 Exception <a 'sun/nio/fs/WindowsException'{0x00000000cd491c18}> (0x00000000cd491c18) thrown at [./src/hotspot/share/prims/jni.cpp, line 617]
Event: 80.893 Thread 0x000001c514fc4000 Exception <a 'sun/nio/fs/WindowsException'{0x00000000cd498d38}> (0x00000000cd498d38) thrown at [./src/hotspot/share/prims/jni.cpp, line 617]
Event: 80.893 Thread 0x000001c514fc4000 Exception <a 'sun/nio/fs/WindowsException'{0x00000000cd4a4028}> (0x00000000cd4a4028) thrown at [./src/hotspot/share/prims/jni.cpp, line 617]
Event: 80.894 Thread 0x000001c514fc4000 Exception <a 'sun/nio/fs/WindowsException'{0x00000000cd4aace0}> (0x00000000cd4aace0) thrown at [./src/hotspot/share/prims/jni.cpp, line 617]
Event: 81.367 Thread 0x000001c57f3b4000 Exception <a 'java/lang/InterruptedException'{0x00000000cc891d60}> (0x00000000cc891d60) thrown at [./src/hotspot/share/runtime/objectMonitor.cpp, line 1448]
Event: 81.504 Thread 0x000001c515a46000 Exception <a 'java/lang/InterruptedException'{0x00000000cc268d38}> (0x00000000cc268d38) thrown at [./src/hotspot/share/runtime/objectMonitor.cpp, line 1448]
Event: 81.871 Thread 0x000001c515a47800 Exception <a 'java/lang/InterruptedException'{0x00000000cbfbbb28}> (0x00000000cbfbbb28) thrown at [./src/hotspot/share/runtime/objectMonitor.cpp, line 1635]
Event: 82.495 Thread 0x000001c514fbc800 Exception <a 'java/lang/InterruptedException'{0x00000000d16739b8}: sleep interrupted> (0x00000000d16739b8) thrown at [./src/hotspot/share/prims/jvm.cpp, line 3128]
Event: 83.625 Thread 0x000001c515a46000 Exception <a 'java/lang/InterruptedException'{0x00000000d0e21638}> (0x00000000d0e21638) thrown at [./src/hotspot/share/runtime/objectMonitor.cpp, line 1635]
Event: 83.626 Thread 0x000001c57d789800 Exception <a 'java/lang/InterruptedException'{0x00000000d0e333a0}> (0x00000000d0e333a0) thrown at [./src/hotspot/share/runtime/objectMonitor.cpp, line 1635]
Event: 83.642 Thread 0x000001c57f3b4000 Exception <a 'java/lang/InterruptedException'{0x00000000d0c8efa0}> (0x00000000d0c8efa0) thrown at [./src/hotspot/share/runtime/objectMonitor.cpp, line 1635]

Events (20 events):
Event: 83.686 Thread 0x000001c57e273800 Thread added: 0x000001c57e273800
Event: 83.687 Executing VM operation: RevokeBias
Event: 83.687 Executing VM operation: RevokeBias done
Event: 83.703 Executing VM operation: G1CollectForAllocation
Event: 83.710 Executing VM operation: G1CollectForAllocation done
Event: 83.736 Executing VM operation: BulkRevokeBias
Event: 83.736 Executing VM operation: BulkRevokeBias done
Event: 83.737 Executing VM operation: BulkRevokeBias
Event: 83.737 Executing VM operation: BulkRevokeBias done
Event: 83.737 Executing VM operation: BulkRevokeBias
Event: 83.738 Executing VM operation: BulkRevokeBias done
Event: 83.738 Executing VM operation: BulkRevokeBias
Event: 83.739 Executing VM operation: BulkRevokeBias done
Event: 83.739 Executing VM operation: RevokeBias
Event: 83.739 Executing VM operation: RevokeBias done
Event: 83.739 Executing VM operation: RevokeBias
Event: 83.739 Executing VM operation: RevokeBias done
Event: 83.742 Executing VM operation: RevokeBias
Event: 83.742 Executing VM operation: RevokeBias done
Event: 83.837 Loaded shared library D:\STM32CubeIDE\STM32CubeIDE_1.9.0\STM32CubeIDE\configuration\org.eclipse.osgi\620\0\.cp\swt-win32-4950r5.dll


Dynamic libraries:
0x00007ff6ecef0000 - 0x00007ff6ecf74000 	D:\STM32CubeIDE\STM32CubeIDE_1.9.0\STM32CubeIDE\stm32cubeide.exe
0x00007fffba350000 - 0x00007fffba548000 	C:\WINDOWS\SYSTEM32\ntdll.dll
0x00007fffb8590000 - 0x00007fffb864d000 	C:\WINDOWS\System32\KERNEL32.DLL
0x00007fffb7f00000 - 0x00007fffb81ce000 	C:\WINDOWS\System32\KERNELBASE.dll
0x00007fffb9cd0000 - 0x00007fffb9e70000 	C:\WINDOWS\System32\USER32.dll
0x00007fffb81d0000 - 0x00007fffb81f2000 	C:\WINDOWS\System32\win32u.dll
0x00007fffb9840000 - 0x00007fffb986a000 	C:\WINDOWS\System32\GDI32.dll
0x00007fffb7a70000 - 0x00007fffb7b7b000 	C:\WINDOWS\System32\gdi32full.dll
0x00007fffb7db0000 - 0x00007fffb7e4d000 	C:\WINDOWS\System32\msvcp_win.dll
0x00007fffb7cb0000 - 0x00007fffb7db0000 	C:\WINDOWS\System32\ucrtbase.dll
0x00007fffa49c0000 - 0x00007fffa4c5a000 	C:\WINDOWS\WinSxS\amd64_microsoft.windows.common-controls_6595b64144ccf1df_6.0.19041.1110_none_60b5254171f9507e\COMCTL32.dll
0x00007fffba210000 - 0x00007fffba2ae000 	C:\WINDOWS\System32\msvcrt.dll
0x00007fffb9c80000 - 0x00007fffb9cb0000 	C:\WINDOWS\System32\IMM32.DLL
0x00007fff97e20000 - 0x00007fff97e5e000 	D:\STM32CubeIDE\STM32CubeIDE_1.9.0\STM32CubeIDE\plugins\org.eclipse.equinox.launcher.win32.win32.x86_64_1.2.400.v20211117-0650\eclipse_11602.dll
0x00007fffb83b0000 - 0x00007fffb845e000 	C:\WINDOWS\System32\ADVAPI32.dll
0x00007fffb9a20000 - 0x00007fffb9abc000 	C:\WINDOWS\System32\sechost.dll
0x00007fffb9f30000 - 0x00007fffba055000 	C:\WINDOWS\System32\RPCRT4.dll
0x00007fffb8460000 - 0x00007fffb858a000 	C:\WINDOWS\System32\ole32.dll
0x00007fffb94e0000 - 0x00007fffb9834000 	C:\WINDOWS\System32\combase.dll
0x00007fffa45b0000 - 0x00007fffa45ba000 	C:\WINDOWS\SYSTEM32\VERSION.dll
0x00007fff50460000 - 0x00007fff50fe2000 	D:\STM32CubeIDE\STM32CubeIDE_1.9.0\STM32CubeIDE\plugins\com.st.stm32cube.ide.jre.win64_2.4.100.202301160955\jre\bin\server\jvm.dll
0x00007fffb9e70000 - 0x00007fffb9e78000 	C:\WINDOWS\System32\PSAPI.DLL
0x00007fffa7200000 - 0x00007fffa7227000 	C:\WINDOWS\SYSTEM32\WINMM.dll
0x00007fff8ec20000 - 0x00007fff8ec29000 	C:\WINDOWS\SYSTEM32\WSOCK32.dll
0x00007fffb99a0000 - 0x00007fffb9a0b000 	C:\WINDOWS\System32\WS2_32.dll
0x00007fff998b0000 - 0x00007fff998cb000 	C:\WINDOWS\SYSTEM32\VCRUNTIME140.dll
0x00007fffb1040000 - 0x00007fffb1050000 	D:\STM32CubeIDE\STM32CubeIDE_1.9.0\STM32CubeIDE\plugins\com.st.stm32cube.ide.jre.win64_2.4.100.202301160955\jre\bin\verify.dll
0x00007fffb50b0000 - 0x00007fffb5294000 	C:\WINDOWS\SYSTEM32\DBGHELP.DLL
0x00007fffa73e0000 - 0x00007fffa740c000 	C:\WINDOWS\SYSTEM32\dbgcore.DLL
0x00007fffb7c20000 - 0x00007fffb7ca2000 	C:\WINDOWS\System32\bcryptPrimitives.dll
0x00007fffa6810000 - 0x00007fffa6838000 	D:\STM32CubeIDE\STM32CubeIDE_1.9.0\STM32CubeIDE\plugins\com.st.stm32cube.ide.jre.win64_2.4.100.202301160955\jre\bin\java.dll
0x00007fffb0e50000 - 0x00007fffb0e5a000 	D:\STM32CubeIDE\STM32CubeIDE_1.9.0\STM32CubeIDE\plugins\com.st.stm32cube.ide.jre.win64_2.4.100.202301160955\jre\bin\jimage.dll
0x00007fffab7c0000 - 0x00007fffab7d8000 	D:\STM32CubeIDE\STM32CubeIDE_1.9.0\STM32CubeIDE\plugins\com.st.stm32cube.ide.jre.win64_2.4.100.202301160955\jre\bin\zip.dll
0x00007fffb6300000 - 0x00007fffb6312000 	C:\WINDOWS\SYSTEM32\kernel.appcore.dll
0x00007fffb8d90000 - 0x00007fffb94d4000 	C:\WINDOWS\System32\SHELL32.dll
0x00007fffb5b50000 - 0x00007fffb62e4000 	C:\WINDOWS\SYSTEM32\windows.storage.dll
0x00007fffb74d0000 - 0x00007fffb7500000 	C:\WINDOWS\SYSTEM32\Wldp.dll
0x00007fffb8650000 - 0x00007fffb86fd000 	C:\WINDOWS\System32\SHCORE.dll
0x00007fffba2b0000 - 0x00007fffba305000 	C:\WINDOWS\System32\shlwapi.dll
0x00007fffb79b0000 - 0x00007fffb79cf000 	C:\WINDOWS\SYSTEM32\profapi.dll
0x00007fff9ff30000 - 0x00007fff9ff49000 	D:\STM32CubeIDE\STM32CubeIDE_1.9.0\STM32CubeIDE\plugins\com.st.stm32cube.ide.jre.win64_2.4.100.202301160955\jre\bin\net.dll
0x00007fffae9c0000 - 0x00007fffaeaca000 	C:\WINDOWS\SYSTEM32\WINHTTP.dll
0x00007fffb7230000 - 0x00007fffb729a000 	C:\WINDOWS\system32\mswsock.dll
0x00007fff9b840000 - 0x00007fff9b853000 	D:\STM32CubeIDE\STM32CubeIDE_1.9.0\STM32CubeIDE\plugins\com.st.stm32cube.ide.jre.win64_2.4.100.202301160955\jre\bin\nio.dll
0x00007fffb14c0000 - 0x00007fffb155e000 	C:\WINDOWS\system32\uxtheme.dll
0x00007fffb9870000 - 0x00007fffb9985000 	C:\WINDOWS\System32\MSCTF.dll
0x00007fffb8700000 - 0x00007fffb87cd000 	C:\WINDOWS\System32\OLEAUT32.dll
0x00007fffb9e80000 - 0x00007fffb9f29000 	C:\WINDOWS\System32\clbcatq.dll
0x00007fffb7bf0000 - 0x00007fffb7c17000 	C:\WINDOWS\System32\bcrypt.dll
0x00007fff98bf0000 - 0x00007fff98ce9000 	C:\WINDOWS\SYSTEM32\textinputframework.dll
0x00007fffb0a70000 - 0x00007fffb0dce000 	C:\WINDOWS\System32\CoreUIComponents.dll
0x00007fffb1150000 - 0x00007fffb1242000 	C:\WINDOWS\System32\CoreMessaging.dll
0x00007fffb6890000 - 0x00007fffb68c3000 	C:\WINDOWS\SYSTEM32\ntmarta.dll
0x00007fffafa90000 - 0x00007fffafbe4000 	C:\WINDOWS\SYSTEM32\wintypes.dll
0x00007fffb7420000 - 0x00007fffb7438000 	C:\WINDOWS\SYSTEM32\CRYPTSP.dll
0x00007fffb6b40000 - 0x00007fffb6b74000 	C:\WINDOWS\system32\rsaenh.dll
0x00007fffb7970000 - 0x00007fffb799e000 	C:\WINDOWS\SYSTEM32\USERENV.dll
0x00007fffb7440000 - 0x00007fffb744c000 	C:\WINDOWS\SYSTEM32\CRYPTBASE.dll
0x00007fffb6ed0000 - 0x00007fffb6f0b000 	C:\WINDOWS\SYSTEM32\IPHLPAPI.DLL
0x00007fffb9990000 - 0x00007fffb9998000 	C:\WINDOWS\System32\NSI.dll
0x00007fffab830000 - 0x00007fffab847000 	C:\WINDOWS\SYSTEM32\dhcpcsvc6.DLL
0x00007fffacdb0000 - 0x00007fffacdcd000 	C:\WINDOWS\SYSTEM32\dhcpcsvc.DLL
0x00007fffb6f60000 - 0x00007fffb702a000 	C:\WINDOWS\SYSTEM32\DNSAPI.dll
0x00007fff6ec00000 - 0x00007fff6ecbe000 	D:\STM32CubeIDE\STM32CubeIDE_1.9.0\STM32CubeIDE\configuration\org.eclipse.osgi\620\0\.cp\swt-win32-4950r5.dll
0x00007fffb9ba0000 - 0x00007fffb9c7a000 	C:\WINDOWS\System32\COMDLG32.dll
0x00007fffa5a10000 - 0x00007fffa5aa8000 	C:\WINDOWS\SYSTEM32\WINSPOOL.DRV
0x00007fffa58d0000 - 0x00007fffa5936000 	C:\WINDOWS\SYSTEM32\OLEACC.dll
0x00007fff7b520000 - 0x00007fff7b539000 	C:\WINDOWS\SYSTEM32\USP10.dll
0x00007fff9b180000 - 0x00007fff9b656000 	C:\WINDOWS\SYSTEM32\WININET.dll
0x00007fffaf1a0000 - 0x00007fffaf296000 	C:\WINDOWS\SYSTEM32\PROPSYS.dll
0x00007fffa0dc0000 - 0x00007fffa0fac000 	C:\WINDOWS\SYSTEM32\urlmon.dll
0x00007fffa8750000 - 0x00007fffa8757000 	C:\WINDOWS\SYSTEM32\MSIMG32.dll
0x00007fffb54f0000 - 0x00007fffb551f000 	C:\WINDOWS\SYSTEM32\dwmapi.dll
0x00007fffa6b30000 - 0x00007fffa6de1000 	C:\WINDOWS\SYSTEM32\iertutil.dll
0x00007fffa4780000 - 0x00007fffa47a8000 	C:\WINDOWS\SYSTEM32\srvcli.dll
0x00007fffb7030000 - 0x00007fffb703c000 	C:\WINDOWS\SYSTEM32\netutils.dll
0x00007fff865e0000 - 0x00007fff8675e000 	C:\Windows\System32\TaskFlowDataEngine.dll
0x00007fff9ffa0000 - 0x00007fffa046b000 	C:\Windows\System32\cdp.dll
0x00007fffb8200000 - 0x00007fffb8356000 	C:\WINDOWS\System32\CRYPT32.dll
0x00007fffb8360000 - 0x00007fffb83ae000 	C:\WINDOWS\System32\cfgmgr32.dll
0x00007fffb6eb0000 - 0x00007fffb6ec2000 	C:\Windows\System32\UMPDC.dll
0x00007fffae670000 - 0x00007fffae7ad000 	C:\Windows\System32\dsreg.dll
0x00007fffb6bd0000 - 0x00007fffb6c5a000 	C:\Windows\System32\msvcp110_win.dll
0x00007fff9adb0000 - 0x00007fff9ae2d000 	C:\Windows\System32\OneCoreCommonProxyStub.dll
0x00007fff994c0000 - 0x00007fff994e8000 	D:\STM32CubeIDE\STM32CubeIDE_1.9.0\STM32CubeIDE\configuration\org.eclipse.osgi\620\0\.cp\swt-gdip-win32-4950r5.dll
0x00007fffa4c60000 - 0x00007fffa4e05000 	C:\WINDOWS\WinSxS\amd64_microsoft.windows.gdiplus_6595b64144ccf1df_1.1.19041.1706_none_919e8e54cc8d4ca1\gdiplus.dll
0x00007fffad780000 - 0x00007fffad934000 	C:\WINDOWS\SYSTEM32\WindowsCodecs.dll
0x0000000180000000 - 0x0000000180012000 	D:\STM32CubeIDE\STM32CubeIDE_1.9.0\STM32CubeIDE\configuration\org.eclipse.osgi\209\0\.cp\os\win32\x86_64\localfile_1_0_0.dll
0x00007fff9bbf0000 - 0x00007fff9bc9c000 	C:\WINDOWS\SYSTEM32\TextShaping.dll
0x00007fffb0f70000 - 0x00007fffb0f79000 	D:\STM32CubeIDE\STM32CubeIDE_1.9.0\STM32CubeIDE\plugins\com.st.stm32cube.ide.jre.win64_2.4.100.202301160955\jre\bin\management.dll
0x00007fffb0f60000 - 0x00007fffb0f6b000 	D:\STM32CubeIDE\STM32CubeIDE_1.9.0\STM32CubeIDE\plugins\com.st.stm32cube.ide.jre.win64_2.4.100.202301160955\jre\bin\management_ext.dll
0x00007fffa55d0000 - 0x00007fffa55e7000 	C:\WINDOWS\system32\napinsp.dll
0x00007fffa55b0000 - 0x00007fffa55cb000 	C:\WINDOWS\system32\pnrpnsp.dll
0x00007fffaec60000 - 0x00007fffaec75000 	C:\WINDOWS\system32\wshbth.dll
0x00007fffaf770000 - 0x00007fffaf78d000 	C:\WINDOWS\system32\NLAapi.dll
0x00007fff4b6e0000 - 0x00007fff4b6f2000 	C:\WINDOWS\System32\winrnr.dll
0x000000006a300000 - 0x000000006a326000 	C:\Program Files\Bonjour\mdnsNSP.dll
0x00007fffad770000 - 0x00007fffad77a000 	C:\Windows\System32\rasadhlp.dll
0x00007fffaa320000 - 0x00007fffaa3a0000 	C:\WINDOWS\System32\fwpuclnt.dll
0x00007fff9a510000 - 0x00007fff9a521000 	D:\STM32CubeIDE\STM32CubeIDE_1.9.0\STM32CubeIDE\configuration\org.eclipse.osgi\212\0\.cp\jWinHttp-1.0.0.dll
0x00007fff98cf0000 - 0x00007fff98d2e000 	C:\WINDOWS\system32\dataexchange.dll
0x00007fffafbf0000 - 0x00007fffafe53000 	C:\WINDOWS\system32\d3d11.dll
0x00007fffb0880000 - 0x00007fffb0a64000 	C:\WINDOWS\system32\dcomp.dll
0x00007fffb6370000 - 0x00007fffb6463000 	C:\WINDOWS\system32\dxgi.dll
0x00007fffad1d0000 - 0x00007fffad3d0000 	C:\WINDOWS\system32\twinapi.appcore.dll
0x00007fff88ef0000 - 0x00007fff88f32000 	C:\WINDOWS\system32\mlang.dll
0x00007fff97270000 - 0x00007fff974ef000 	C:\WINDOWS\SYSTEM32\DWrite.dll
0x00007fff95bd0000 - 0x00007fff95df0000 	C:\WINDOWS\system32\explorerframe.dll
0x00007fff633c0000 - 0x00007fff6355a000 	D:\STM32CubeIDE\STM32CubeIDE_1.9.0\STM32CubeIDE\plugins\com.st.stm32cube.ide.jre.win64_2.4.100.202301160955\jre\bin\awt.dll
0x00007fff4b800000 - 0x00007fff4b88e000 	C:\WINDOWS\SYSTEM32\MSVCP140.dll
0x00007fffa8450000 - 0x00007fffa845c000 	C:\WINDOWS\SYSTEM32\VCRUNTIME140_1.dll
0x00007fffb1380000 - 0x00007fffb1410000 	C:\WINDOWS\SYSTEM32\apphelp.dll
0x000000006a790000 - 0x000000006a7e4000 	D:\STM32CubeIDE\STM32CubeIDE_1.9.0\STM32CubeIDE\plugins\org.eclipse.cdt.core.win32.x86_64_6.0.502.202205170638\os\win32\x86_64\spawner.dll
0x00007fff9b9b0000 - 0x00007fff9b9d4000 	C:\WINDOWS\SYSTEM32\edputil.dll
0x00007fffaf900000 - 0x00007fffaf90e000 	D:\STM32CubeIDE\STM32CubeIDE_1.9.0\STM32CubeIDE\plugins\com.st.stm32cube.ide.jre.win64_2.4.100.202301160955\jre\bin\sunmscapi.dll
0x00007fffb7540000 - 0x00007fffb7567000 	C:\WINDOWS\SYSTEM32\ncrypt.dll
0x00007fffb7500000 - 0x00007fffb753b000 	C:\WINDOWS\SYSTEM32\NTASN1.dll
0x00007fff97a30000 - 0x00007fff97a55000 	D:\STM32CubeIDE\STM32CubeIDE_1.9.0\STM32CubeIDE\plugins\com.st.stm32cube.ide.jre.win64_2.4.100.202301160955\jre\bin\sunec.dll
0x00007fffb7660000 - 0x00007fffb7672000 	C:\WINDOWS\System32\MSASN1.dll
0x00007fffb6320000 - 0x00007fffb6343000 	C:\WINDOWS\SYSTEM32\gpapi.dll
0x00007fff94d40000 - 0x00007fff94d9c000 	C:\WINDOWS\system32\ncryptprov.dll
0x00007fffacac0000 - 0x00007fffacac9000 	D:\STM32CubeIDE\STM32CubeIDE_1.9.0\STM32CubeIDE\plugins\com.st.stm32cube.ide.jre.win64_2.4.100.202301160955\jre\bin\prefs.dll
0x00007fffaead0000 - 0x00007fffaeadb000 	C:\WINDOWS\SYSTEM32\WINNSI.DLL
0x00007fff93ef0000 - 0x00007fff93f34000 	C:\Users\DELL\AppData\Local\Temp\jna-2094529\jna14205734446870680881.dll
0x00007fffab4f0000 - 0x00007fffab4f7000 	D:\STM32CubeIDE\STM32CubeIDE_1.9.0\STM32CubeIDE\plugins\com.st.stm32cube.ide.jre.win64_2.4.100.202301160955\jre\bin\rmi.dll
0x000000006a720000 - 0x000000006a783000 	D:\STM32CubeIDE\STM32CubeIDE_1.9.0\STM32CubeIDE\configuration\org.eclipse.osgi\552\0\.cp\os\win32\x86_64\serial.dll

dbghelp: loaded successfully - version: 4.0.5 - missing functions: none
symbol engine: initialized successfully - sym options: 0x614 - pdb path: .;D:\STM32CubeIDE\STM32CubeIDE_1.9.0\STM32CubeIDE;C:\WINDOWS\SYSTEM32;C:\WINDOWS\WinSxS\amd64_microsoft.windows.common-controls_6595b64144ccf1df_6.0.19041.1110_none_60b5254171f9507e;D:\STM32CubeIDE\STM32CubeIDE_1.9.0\STM32CubeIDE\plugins\org.eclipse.equinox.launcher.win32.win32.x86_64_1.2.400.v20211117-0650;D:\STM32CubeIDE\STM32CubeIDE_1.9.0\STM32CubeIDE\plugins\com.st.stm32cube.ide.jre.win64_2.4.100.202301160955\jre\bin\server;D:\STM32CubeIDE\STM32CubeIDE_1.9.0\STM32CubeIDE\plugins\com.st.stm32cube.ide.jre.win64_2.4.100.202301160955\jre\bin;D:\STM32CubeIDE\STM32CubeIDE_1.9.0\STM32CubeIDE\configuration\org.eclipse.osgi\620\0\.cp;C:\WINDOWS\WinSxS\amd64_microsoft.windows.gdiplus_6595b64144ccf1df_1.1.19041.1706_none_919e8e54cc8d4ca1;D:\STM32CubeIDE\STM32CubeIDE_1.9.0\STM32CubeIDE\configuration\org.eclipse.osgi\209\0\.cp\os\win32\x86_64;C:\Program Files\Bonjour;D:\STM32CubeIDE\STM32CubeIDE_1.9.0\STM32CubeIDE\configuration\org.eclipse.osgi\212\0\.cp;D:\STM32CubeIDE\STM32CubeIDE_1.9.0\STM32CubeIDE\plugins\org.eclipse.cdt.core.win32.x86_64_6.0.502.202205170638\os\win32\x86_64;C:\Users\DELL\AppData\Local\Temp\jna-2094529;D:\STM32CubeIDE\STM32CubeIDE_1.9.0\STM32CubeIDE\configuration\org.eclipse.osgi\552\0\.cp\os\win32\x86_64

VM Arguments:
jvm_args: -Dosgi.requiredJavaVersion=1.8 -Dosgi.instance.area.default=@user.home/STM32CubeIDE/workspace_1.12.0 -Declipse.buildId=Version 1.12.0 -DproductMaturityGrade=mm -XX:+UseG1GC -XX:+UseStringDeduplication -Xms256m -Xmx1024m -Djavax.net.ssl.trustStoreType=WINDOWS-ROOT 
java_command: <unknown>
java_class_path (initial): D:\STM32CubeIDE\STM32CubeIDE_1.9.0\STM32CubeIDE\\plugins/org.eclipse.equinox.launcher_1.6.400.v20210924-0641.jar
Launcher Type: generic

[Global flags]
     intx CICompilerCount                          = 4                                         {product} {ergonomic}
     uint ConcGCThreads                            = 2                                         {product} {ergonomic}
     uint G1ConcRefinementThreads                  = 8                                         {product} {ergonomic}
   size_t G1HeapRegionSize                         = 1048576                                   {product} {ergonomic}
    uintx GCDrainStackTargetSize                   = 64                                        {product} {ergonomic}
   size_t InitialHeapSize                          = 268435456                                 {product} {command line}
   size_t MarkStackSize                            = 4194304                                   {product} {ergonomic}
   size_t MaxHeapSize                              = 1073741824                                {product} {command line}
   size_t MaxNewSize                               = 643825664                                 {product} {ergonomic}
   size_t MinHeapDeltaBytes                        = 1048576                                   {product} {ergonomic}
    uintx NonNMethodCodeHeapSize                   = 5836300                                {pd product} {ergonomic}
    uintx NonProfiledCodeHeapSize                  = 122910970                              {pd product} {ergonomic}
    uintx ProfiledCodeHeapSize                     = 122910970                              {pd product} {ergonomic}
    uintx ReservedCodeCacheSize                    = 251658240                              {pd product} {ergonomic}
     bool SegmentedCodeCache                       = true                                      {product} {ergonomic}
     bool UseCompressedClassPointers               = true                                 {lp64_product} {ergonomic}
     bool UseCompressedOops                        = true                                 {lp64_product} {ergonomic}
     bool UseG1GC                                  = true                                      {product} {command line}
     bool UseLargePagesIndividualAllocation        = false                                  {pd product} {ergonomic}
     bool UseStringDeduplication                   = true                                      {product} {command line}

Logging:
Log output configuration:
 #0: stdout all=warning uptime,level,tags
 #1: stderr all=off uptime,level,tags

Environment Variables:
PATH=C:\Program Files\Common Files\Siemens\Automation\Simatic OAM\bin;C:\Program Files\Common Files\Oracle\Java\javapath;C:\Windows\system32;C:\Windows;C:\Windows\System32\Wbem;C:\Windows\System32\WindowsPowerShell\v1.0\;C:\Windows\System32\OpenSSH\;C:\Program Files\NVIDIA Corporation\NVIDIA NvDLISR;C:\WINDOWS\system32;C:\WINDOWS;C:\WINDOWS\System32\Wbem;C:\WINDOWS\System32\WindowsPowerShell\v1.0\;C:\WINDOWS\System32\OpenSSH\;C:\Program Files (x86)\NVIDIA Corporation\PhysX\Common;C:\Program Files (x86)\Microsoft SQL Server\Client SDK\ODBC\110\Tools\Binn\;C:\Program Files (x86)\Microsoft SQL Server\120\Tools\Binn\;C:\Program Files (x86)\Microsoft SQL Server\120\DTS\Binn\;C:\Program Files (x86)\Common Files\Siemens\;C:\Program Files (x86)\Common Files\Siemens\Interfaces;C:\Program Files (x86)\Common Files\Siemens\ACE\Interfaces;C:\MinGW\mingw32\bin;E:\MATLAB\runtime\win64;E:\MATLAB\bin;D:\Git\Git\cmd;D:\nRF\nrf-command-line-tool\bin\;D:\puTTY\;C:\Program Files (x86)\STMicroelectronics\STM32 ST-LINK Utility\ST-LINK Utility;C:\Users\DELL\AppData\Local\Microsoft\WindowsApps;C:\Users\DELL\AppData\Local\Programs\Microsoft VS Code\bin;C:\MinGW\bin;E:\LaTeX\texlive\2022\bin\win32
USERNAME=DELL
OS=Windows_NT
PROCESSOR_IDENTIFIER=Intel64 Family 6 Model 140 Stepping 1, GenuineIntel
TMP=C:\Users\DELL\AppData\Local\Temp
TEMP=C:\Users\DELL\AppData\Local\Temp



---------------  S Y S T E M  ---------------

OS: Windows 10 , 64 bit Build 19041 (10.0.19041.1889)
OS uptime: 2 days 21:42 hours

CPU:total 8 (initial active 8) (4 cores per cpu, 2 threads per core) family 6 model 140 stepping 1 microcode 0xa4, cmov, cx8, fxsr, mmx, sse, sse2, sse3, ssse3, sse4.1, sse4.2, popcnt, avx, avx2, aes, clmul, erms, 3dnowpref, lzcnt, ht, tsc, tscinvbit, bmi1, bmi2, adx, evex, sha, fma

Memory: 4k page, system-wide physical 7914M (397M free)
TotalPageFile size 12010M (AvailPageFile size 6M)
current process WorkingSet (physical memory assigned to process): 681M, peak: 685M
current process commit charge ("private bytes"): 713M, peak: 718M

vm_info: OpenJDK 64-Bit Server VM (11.0.17+8) for windows-amd64 JRE (11.0.17+8), built on Oct 19 2022 00:04:05 by "" with MS VC++ 15.9 (VS2017)

END.
